#
# There is insufficient memory for the Java Runtime Environment to continue.
# Native memory allocation (malloc) failed to allocate 2097152 bytes for AllocateHeap
# Possible reasons:
#   The system is out of physical RAM or swap space
#   The process is running with CompressedOops enabled, and the Java Heap may be blocking the growth of the native heap
# Possible solutions:
#   Reduce memory load on the system
#   Increase physical memory or swap space
#   Check if swap backing store is full
#   Decrease Java heap size (-Xmx/-Xms)
#   Decrease number of Java threads
#   Decrease Java thread stack sizes (-Xss)
#   Set larger code cache with -XX:ReservedCodeCacheSize=
#   JVM is running with Unscaled Compressed Oops mode in which the Java heap is
#     placed in the first 4GB address space. The Java Heap base address is the
#     maximum limit for the native heap growth. Please use -XX:HeapBaseMinAddress
#     to set the Java Heap base and to place the Java Heap above 4GB virtual address.
# This output file may be truncated or incomplete.
#
#  Out of Memory Error (allocation.cpp:44), pid=11432, tid=14808
#
# JRE version: OpenJDK Runtime Environment Temurin-17.0.8.1+1 (17.0.8.1+1) (build 17.0.8.1+1)
# Java VM: OpenJDK 64-Bit Server VM Temurin-17.0.8.1+1 (17.0.8.1+1, mixed mode, emulated-client, tiered, compressed oops, compressed class ptrs, g1 gc, windows-amd64)
# No core dump will be written. Minidumps are not enabled by default on client versions of Windows
#

---------------  S U M M A R Y ------------

Command Line: -XX:+HeapDumpOnOutOfMemoryError -Xmx1024m -Dsts.lsp.client=vscode -Dsts.log.file=/dev/null -XX:TieredStopAtLevel=1 -Xlog:jni+resolve=off -Dspring.config.location=file:c:\Users\joao.ferreira\.vscode\extensions\vmware.vscode-spring-boot-1.50.0\language-server\BOOT-INF\classes\application.properties org.springframework.ide.vscode.boot.app.BootLanguageServerBootApp

Host: Intel(R) Core(TM) i5-8265U CPU @ 1.60GHz, 8 cores, 7G,  Windows 11 , 64 bit Build 22621 (10.0.22621.2428)
Time: Sat Nov 11 22:59:26 2023 Hora oficial do Brasil elapsed time: 1216.856778 seconds (0d 0h 20m 16s)

---------------  T H R E A D  ---------------

Current thread (0x000001cb69935870):  VMThread "VM Thread" [stack: 0x000000208ac00000,0x000000208ad00000] [id=14808]

Stack: [0x000000208ac00000,0x000000208ad00000]
Native frames: (J=compiled Java code, j=interpreted, Vv=VM code, C=native code)
V  [jvm.dll+0x678b0a]
V  [jvm.dll+0x835e84]
V  [jvm.dll+0x83762e]
V  [jvm.dll+0x837c93]
V  [jvm.dll+0x24746f]
V  [jvm.dll+0xa697b]
V  [jvm.dll+0x2f7f41]
V  [jvm.dll+0x2f3b80]
V  [jvm.dll+0x2dc1c7]
V  [jvm.dll+0x31f227]
V  [jvm.dll+0x83c15b]
V  [jvm.dll+0x83ce94]
V  [jvm.dll+0x83d3ac]
V  [jvm.dll+0x83d784]
V  [jvm.dll+0x83d850]
V  [jvm.dll+0x7e64ca]
V  [jvm.dll+0x677955]
C  [ucrtbase.dll+0x29363]
C  [KERNEL32.DLL+0x1257d]
C  [ntdll.dll+0x5aa78]

VM_Operation (0x000000208c4feaf0): G1CollectFull, mode: safepoint, requested by thread 0x000001cb69aa3520


---------------  P R O C E S S  ---------------

Threads class SMR info:
_java_thread_list=0x000001cb6e0cbea0, length=27, elements={
0x000001cb6994f3a0, 0x000001cb69951140, 0x000001cb6997d5b0, 0x000001cb6997e090,
0x000001cb69aa4960, 0x000001cb69aa3010, 0x000001cb69aa6490, 0x000001cb69aa4e70,
0x000001cb69aa5890, 0x000001cb69aa3f40, 0x000001cb69aa5380, 0x000001cb69aa3520,
0x000001cb69aa20e0, 0x000001cb69aa25f0, 0x000001cb69aa2b00, 0x000001cb69aa3a30,
0x000001cb6f4f9180, 0x000001cb6f4ff1b0, 0x000001cb6f4fafe0, 0x000001cb6f4f9690,
0x000001cb6f4faad0, 0x000001cb6f4fdd70, 0x000001cb6f4fce40, 0x000001cb6f4f8c70,
0x000001cb6f4fa0b0, 0x000001cb6f4fc930, 0x000001cb6f4f8760
}

Java Threads: ( => current thread )
  0x000001cb6994f3a0 JavaThread "Reference Handler" daemon [_thread_blocked, id=2144, stack(0x000000208ad00000,0x000000208ae00000)]
  0x000001cb69951140 JavaThread "Finalizer" daemon [_thread_blocked, id=18596, stack(0x000000208ae00000,0x000000208af00000)]
  0x000001cb6997d5b0 JavaThread "Signal Dispatcher" daemon [_thread_blocked, id=32332, stack(0x000000208af00000,0x000000208b000000)]
  0x000001cb6997e090 JavaThread "Attach Listener" daemon [_thread_blocked, id=28200, stack(0x000000208b000000,0x000000208b100000)]
  0x000001cb69aa4960 JavaThread "Service Thread" daemon [_thread_blocked, id=6776, stack(0x000000208b100000,0x000000208b200000)]
  0x000001cb69aa3010 JavaThread "Monitor Deflation Thread" daemon [_thread_blocked, id=10732, stack(0x000000208b200000,0x000000208b300000)]
  0x000001cb69aa6490 JavaThread "C1 CompilerThread0" daemon [_thread_blocked, id=10936, stack(0x000000208b300000,0x000000208b400000)]
  0x000001cb69aa4e70 JavaThread "Sweeper thread" daemon [_thread_blocked, id=552, stack(0x000000208b400000,0x000000208b500000)]
  0x000001cb69aa5890 JavaThread "Notification Thread" daemon [_thread_blocked, id=20124, stack(0x000000208b700000,0x000000208b800000)]
  0x000001cb69aa3f40 JavaThread "Common-Cleaner" daemon [_thread_blocked, id=7260, stack(0x000000208b900000,0x000000208ba00000)]
  0x000001cb69aa5380 JavaThread "boundedElastic-evictor-1" daemon [_thread_blocked, id=7664, stack(0x000000208bf00000,0x000000208c000000)]
  0x000001cb69aa3520 JavaThread "pool-11-thread-1" [_thread_blocked, id=26252, stack(0x000000208c400000,0x000000208c500000)]
  0x000001cb69aa20e0 JavaThread "LanguageServerApp-lifecycle" [_thread_blocked, id=15420, stack(0x000000208c500000,0x000000208c600000)]
  0x000001cb69aa25f0 JavaThread "DestroyJavaVM" [_thread_blocked, id=12748, stack(0x000000208a600000,0x000000208a700000)]
  0x000001cb69aa2b00 JavaThread "pool-12-thread-1" [_thread_in_native, id=3364, stack(0x000000208c600000,0x000000208c700000)]
  0x000001cb69aa3a30 JavaThread "Simple-Language-Server main thread" daemon [_thread_blocked, id=16912, stack(0x000000208c700000,0x000000208c800000)]
  0x000001cb6f4f9180 JavaThread "parallel-1" daemon [_thread_blocked, id=30364, stack(0x000000208ca00000,0x000000208cb00000)]
  0x000001cb6f4ff1b0 JavaThread "pool-7-thread-1" [_thread_blocked, id=22164, stack(0x000000208cb00000,0x000000208cc00000)]
  0x000001cb6f4fafe0 JavaThread "parallel-2" daemon [_thread_blocked, id=32008, stack(0x000000208cc00000,0x000000208cd00000)]
  0x000001cb6f4f9690 JavaThread "pool-5-thread-1" [_thread_blocked, id=3760, stack(0x000000208cd00000,0x000000208ce00000)]
  0x000001cb6f4faad0 JavaThread "parallel-3" daemon [_thread_blocked, id=28772, stack(0x000000208ce00000,0x000000208cf00000)]
  0x000001cb6f4fdd70 JavaThread "parallel-4" daemon [_thread_blocked, id=33592, stack(0x000000208cf00000,0x000000208d000000)]
  0x000001cb6f4fce40 JavaThread "parallel-5" daemon [_thread_blocked, id=12320, stack(0x000000208d000000,0x000000208d100000)]
  0x000001cb6f4f8c70 JavaThread "parallel-6" daemon [_thread_blocked, id=16504, stack(0x000000208d400000,0x000000208d500000)]
  0x000001cb6f4fa0b0 JavaThread "parallel-7" daemon [_thread_blocked, id=23804, stack(0x000000208d500000,0x000000208d600000)]
  0x000001cb6f4fc930 JavaThread "parallel-8" daemon [_thread_blocked, id=22760, stack(0x000000208d600000,0x000000208d700000)]
  0x000001cb6f4f8760 JavaThread "Reconciler-1" daemon [_thread_blocked, id=7100, stack(0x000000208d700000,0x000000208d800000)]

Other Threads:
=>0x000001cb69935870 VMThread "VM Thread" [stack: 0x000000208ac00000,0x000000208ad00000] [id=14808]
  0x000001cb69cbdde0 WatcherThread [stack: 0x000000208b800000,0x000000208b900000] [id=12712]
  0x000001cb5eab1020 GCTaskThread "GC Thread#0" [stack: 0x000000208a700000,0x000000208a800000] [id=24584]
  0x000001cb6e7fe560 GCTaskThread "GC Thread#1" [stack: 0x000000208ba00000,0x000000208bb00000] [id=10288]
  0x000001cb6e7fa7b0 GCTaskThread "GC Thread#2" [stack: 0x000000208bb00000,0x000000208bc00000] [id=21144]
  0x000001cb6ea994f0 GCTaskThread "GC Thread#3" [stack: 0x000000208bc00000,0x000000208bd00000] [id=11096]
  0x000001cb6ec75cb0 GCTaskThread "GC Thread#4" [stack: 0x000000208bd00000,0x000000208be00000] [id=7376]
  0x000001cb6ec75f70 GCTaskThread "GC Thread#5" [stack: 0x000000208be00000,0x000000208bf00000] [id=23092]
  0x000001cb6ee46460 GCTaskThread "GC Thread#6" [stack: 0x000000208c100000,0x000000208c200000] [id=24872]
  0x000001cb6ee46720 GCTaskThread "GC Thread#7" [stack: 0x000000208c200000,0x000000208c300000] [id=30624]
  0x000001cb5eab9e80 ConcurrentGCThread "G1 Main Marker" [stack: 0x000000208a800000,0x000000208a900000] [id=1468]
  0x000001cb5eaba7a0 ConcurrentGCThread "G1 Conc#0" [stack: 0x000000208a900000,0x000000208aa00000] [id=22736]
  0x000001cb6ef12020 ConcurrentGCThread "G1 Conc#1" [stack: 0x000000208c300000,0x000000208c400000] [id=22920]
  0x000001cb5eb1e870 ConcurrentGCThread "G1 Refine#0" [stack: 0x000000208aa00000,0x000000208ab00000] [id=18972]
  0x000001cb697a4320 ConcurrentGCThread "G1 Service" [stack: 0x000000208ab00000,0x000000208ac00000] [id=16428]

Threads with active compile tasks:

VM state: at safepoint (normal execution)

VM Mutex/Monitor currently owned by a thread:  ([mutex/lock_event])
[0x000001cb5c8e1380] Threads_lock - owner thread: 0x000001cb69935870
[0x000001cb5ea64270] Heap_lock - owner thread: 0x000001cb69aa3520

Heap address: 0x00000000c0000000, size: 1024 MB, Compressed Oops mode: 32-bit

CDS archive(s) not mapped
Compressed class space mapped at: 0x0000000100000000-0x0000000140000000, reserved size: 1073741824
Narrow klass base: 0x0000000000000000, Narrow klass shift: 3, Narrow klass range: 0x140000000

GC Precious Log:
 CPUs: 8 total, 8 available
 Memory: 8054M
 Large Page Support: Disabled
 NUMA Support: Disabled
 Compressed Oops: Enabled (32-bit)
 Heap Region Size: 1M
 Heap Min Capacity: 8M
 Heap Initial Capacity: 126M
 Heap Max Capacity: 1G
 Pre-touch: Disabled
 Parallel Workers: 8
 Concurrent Workers: 2
 Concurrent Refinement Workers: 8
 Periodic GC: Disabled

Heap:
 garbage-first heap   total 106496K, used 31134K [0x00000000c0000000, 0x0000000100000000)
  region size 1024K, 1 young (1024K), 0 survivors (0K)
 Metaspace       used 59010K, committed 59456K, reserved 1114112K
  class space    used 7360K, committed 7552K, reserved 1048576K

Heap Regions: E=young(eden), S=young(survivor), O=old, HS=humongous(starts), HC=humongous(continues), CS=collection set, F=free, OA=open archive, CA=closed archive, TAMS=top-at-mark-start (previous, next)
|   0|0x00000000c0000000, 0x00000000c0100000, 0x00000000c0100000|100%| O|  |TAMS 0x00000000c0100000, 0x00000000c0000000| Untracked 
|   1|0x00000000c0100000, 0x00000000c0200000, 0x00000000c0200000|100%| O|  |TAMS 0x00000000c0200000, 0x00000000c0100000| Untracked 
|   2|0x00000000c0200000, 0x00000000c02ff7c0, 0x00000000c0300000| 99%| O|  |TAMS 0x00000000c02ff7c0, 0x00000000c0200000| Untracked 
|   3|0x00000000c0300000, 0x00000000c03ffff0, 0x00000000c0400000| 99%| O|  |TAMS 0x00000000c03ffff0, 0x00000000c0300000| Untracked 
|   4|0x00000000c0400000, 0x00000000c0500000, 0x00000000c0500000|100%| O|  |TAMS 0x00000000c0500000, 0x00000000c0400000| Untracked 
|   5|0x00000000c0500000, 0x00000000c0600000, 0x00000000c0600000|100%| O|  |TAMS 0x00000000c0600000, 0x00000000c0500000| Untracked 
|   6|0x00000000c0600000, 0x00000000c06fffe0, 0x00000000c0700000| 99%| O|  |TAMS 0x00000000c06fffe0, 0x00000000c0600000| Untracked 
|   7|0x00000000c0700000, 0x00000000c0800000, 0x00000000c0800000|100%| O|  |TAMS 0x00000000c0800000, 0x00000000c0700000| Untracked 
|   8|0x00000000c0800000, 0x00000000c0900000, 0x00000000c0900000|100%| O|  |TAMS 0x00000000c0900000, 0x00000000c0800000| Untracked 
|   9|0x00000000c0900000, 0x00000000c0a00000, 0x00000000c0a00000|100%| O|  |TAMS 0x00000000c0a00000, 0x00000000c0900000| Untracked 
|  10|0x00000000c0a00000, 0x00000000c0affff0, 0x00000000c0b00000| 99%| O|  |TAMS 0x00000000c0affff0, 0x00000000c0a00000| Untracked 
|  11|0x00000000c0b00000, 0x00000000c0bfffe8, 0x00000000c0c00000| 99%| O|  |TAMS 0x00000000c0bfffe8, 0x00000000c0b00000| Untracked 
|  12|0x00000000c0c00000, 0x00000000c0cfffe0, 0x00000000c0d00000| 99%| O|  |TAMS 0x00000000c0cfffe0, 0x00000000c0c00000| Untracked 
|  13|0x00000000c0d00000, 0x00000000c0dfff98, 0x00000000c0e00000| 99%| O|  |TAMS 0x00000000c0dfff98, 0x00000000c0d00000| Untracked 
|  14|0x00000000c0e00000, 0x00000000c0efffe8, 0x00000000c0f00000| 99%| O|  |TAMS 0x00000000c0efffe8, 0x00000000c0e00000| Untracked 
|  15|0x00000000c0f00000, 0x00000000c0ffffe8, 0x00000000c1000000| 99%| O|  |TAMS 0x00000000c0ffffe8, 0x00000000c0f00000| Untracked 
|  16|0x00000000c1000000, 0x00000000c10ffff8, 0x00000000c1100000| 99%| O|  |TAMS 0x00000000c10ffff8, 0x00000000c1000000| Untracked 
|  17|0x00000000c1100000, 0x00000000c11ffda8, 0x00000000c1200000| 99%| O|  |TAMS 0x00000000c11ffda8, 0x00000000c1100000| Untracked 
|  18|0x00000000c1200000, 0x00000000c12ffff8, 0x00000000c1300000| 99%| O|  |TAMS 0x00000000c12ffff8, 0x00000000c1200000| Untracked 
|  19|0x00000000c1300000, 0x00000000c13ffff8, 0x00000000c1400000| 99%| O|  |TAMS 0x00000000c13ffff8, 0x00000000c1300000| Untracked 
|  20|0x00000000c1400000, 0x00000000c14fffd0, 0x00000000c1500000| 99%| O|  |TAMS 0x00000000c14fffd0, 0x00000000c1400000| Untracked 
|  21|0x00000000c1500000, 0x00000000c15ffff8, 0x00000000c1600000| 99%| O|  |TAMS 0x00000000c15ffff8, 0x00000000c1500000| Untracked 
|  22|0x00000000c1600000, 0x00000000c16ff7f8, 0x00000000c1700000| 99%| O|  |TAMS 0x00000000c16ff7f8, 0x00000000c1600000| Untracked 
|  23|0x00000000c1700000, 0x00000000c1800000, 0x00000000c1800000|100%|HS|  |TAMS 0x00000000c1800000, 0x00000000c1700000| Untracked 
|  24|0x00000000c1800000, 0x00000000c18ffff8, 0x00000000c1900000| 99%| O|  |TAMS 0x00000000c18ffff8, 0x00000000c1800000| Untracked 
|  25|0x00000000c1900000, 0x00000000c19ff5a8, 0x00000000c1a00000| 99%| O|  |TAMS 0x00000000c19ff5a8, 0x00000000c1900000| Untracked 
|  26|0x00000000c1a00000, 0x00000000c1affff8, 0x00000000c1b00000| 99%| O|  |TAMS 0x00000000c1affff8, 0x00000000c1a00000| Untracked 
|  27|0x00000000c1b00000, 0x00000000c1bfffe0, 0x00000000c1c00000| 99%| O|  |TAMS 0x00000000c1bfffe0, 0x00000000c1b00000| Untracked 
|  28|0x00000000c1c00000, 0x00000000c1cb8680, 0x00000000c1d00000| 72%| O|  |TAMS 0x00000000c1c00000, 0x00000000c1c00000| Untracked 
|  29|0x00000000c1d00000, 0x00000000c1dffff0, 0x00000000c1e00000| 99%| O|  |TAMS 0x00000000c1dffff0, 0x00000000c1d00000| Untracked 
|  30|0x00000000c1e00000, 0x00000000c1eb1028, 0x00000000c1f00000| 69%| O|  |TAMS 0x00000000c1e00000, 0x00000000c1e00000| Untracked 
|  31|0x00000000c1f00000, 0x00000000c1f00000, 0x00000000c2000000|  0%| F|  |TAMS 0x00000000c1f00000, 0x00000000c1f00000| Untracked 
|  32|0x00000000c2000000, 0x00000000c2000000, 0x00000000c2100000|  0%| F|  |TAMS 0x00000000c2000000, 0x00000000c2000000| Untracked 
|  33|0x00000000c2100000, 0x00000000c2100000, 0x00000000c2200000|  0%| F|  |TAMS 0x00000000c2100000, 0x00000000c2100000| Untracked 
|  34|0x00000000c2200000, 0x00000000c2200000, 0x00000000c2300000|  0%| F|  |TAMS 0x00000000c2200000, 0x00000000c2200000| Untracked 
|  35|0x00000000c2300000, 0x00000000c2300000, 0x00000000c2400000|  0%| F|  |TAMS 0x00000000c2300000, 0x00000000c2300000| Untracked 
|  36|0x00000000c2400000, 0x00000000c2400000, 0x00000000c2500000|  0%| F|  |TAMS 0x00000000c2400000, 0x00000000c2400000| Untracked 
|  37|0x00000000c2500000, 0x00000000c2500000, 0x00000000c2600000|  0%| F|  |TAMS 0x00000000c2500000, 0x00000000c2500000| Untracked 
|  38|0x00000000c2600000, 0x00000000c2600000, 0x00000000c2700000|  0%| F|  |TAMS 0x00000000c2600000, 0x00000000c2600000| Untracked 
|  39|0x00000000c2700000, 0x00000000c2700000, 0x00000000c2800000|  0%| F|  |TAMS 0x00000000c2700000, 0x00000000c2700000| Untracked 
|  40|0x00000000c2800000, 0x00000000c2800000, 0x00000000c2900000|  0%| F|  |TAMS 0x00000000c2800000, 0x00000000c2800000| Untracked 
|  41|0x00000000c2900000, 0x00000000c2900000, 0x00000000c2a00000|  0%| F|  |TAMS 0x00000000c2900000, 0x00000000c2900000| Untracked 
|  42|0x00000000c2a00000, 0x00000000c2a00000, 0x00000000c2b00000|  0%| F|  |TAMS 0x00000000c2a00000, 0x00000000c2a00000| Untracked 
|  43|0x00000000c2b00000, 0x00000000c2b00000, 0x00000000c2c00000|  0%| F|  |TAMS 0x00000000c2b00000, 0x00000000c2b00000| Untracked 
|  44|0x00000000c2c00000, 0x00000000c2c00000, 0x00000000c2d00000|  0%| F|  |TAMS 0x00000000c2c00000, 0x00000000c2c00000| Untracked 
|  45|0x00000000c2d00000, 0x00000000c2d00000, 0x00000000c2e00000|  0%| F|  |TAMS 0x00000000c2d00000, 0x00000000c2d00000| Untracked 
|  46|0x00000000c2e00000, 0x00000000c2e00000, 0x00000000c2f00000|  0%| F|  |TAMS 0x00000000c2e00000, 0x00000000c2e00000| Untracked 
|  47|0x00000000c2f00000, 0x00000000c2f00000, 0x00000000c3000000|  0%| F|  |TAMS 0x00000000c2f00000, 0x00000000c2f00000| Untracked 
|  48|0x00000000c3000000, 0x00000000c3000000, 0x00000000c3100000|  0%| F|  |TAMS 0x00000000c3000000, 0x00000000c3000000| Untracked 
|  49|0x00000000c3100000, 0x00000000c3100000, 0x00000000c3200000|  0%| F|  |TAMS 0x00000000c3100000, 0x00000000c3100000| Untracked 
|  50|0x00000000c3200000, 0x00000000c3200000, 0x00000000c3300000|  0%| F|  |TAMS 0x00000000c3200000, 0x00000000c3200000| Untracked 
|  51|0x00000000c3300000, 0x00000000c3300000, 0x00000000c3400000|  0%| F|  |TAMS 0x00000000c3300000, 0x00000000c3300000| Untracked 
|  52|0x00000000c3400000, 0x00000000c3400000, 0x00000000c3500000|  0%| F|  |TAMS 0x00000000c3400000, 0x00000000c3400000| Untracked 
|  53|0x00000000c3500000, 0x00000000c3500000, 0x00000000c3600000|  0%| F|  |TAMS 0x00000000c3500000, 0x00000000c3500000| Untracked 
|  54|0x00000000c3600000, 0x00000000c3600000, 0x00000000c3700000|  0%| F|  |TAMS 0x00000000c3600000, 0x00000000c3600000| Untracked 
|  55|0x00000000c3700000, 0x00000000c3700000, 0x00000000c3800000|  0%| F|  |TAMS 0x00000000c3700000, 0x00000000c3700000| Untracked 
|  56|0x00000000c3800000, 0x00000000c3800000, 0x00000000c3900000|  0%| F|  |TAMS 0x00000000c3800000, 0x00000000c3800000| Untracked 
|  57|0x00000000c3900000, 0x00000000c3900000, 0x00000000c3a00000|  0%| F|  |TAMS 0x00000000c3900000, 0x00000000c3900000| Untracked 
|  58|0x00000000c3a00000, 0x00000000c3a00000, 0x00000000c3b00000|  0%| F|  |TAMS 0x00000000c3a00000, 0x00000000c3a00000| Untracked 
|  59|0x00000000c3b00000, 0x00000000c3b00000, 0x00000000c3c00000|  0%| F|  |TAMS 0x00000000c3b00000, 0x00000000c3b00000| Untracked 
|  60|0x00000000c3c00000, 0x00000000c3c00000, 0x00000000c3d00000|  0%| F|  |TAMS 0x00000000c3c00000, 0x00000000c3c00000| Untracked 
|  61|0x00000000c3d00000, 0x00000000c3d00000, 0x00000000c3e00000|  0%| F|  |TAMS 0x00000000c3d00000, 0x00000000c3d00000| Untracked 
|  62|0x00000000c3e00000, 0x00000000c3e00000, 0x00000000c3f00000|  0%| F|  |TAMS 0x00000000c3e00000, 0x00000000c3e00000| Untracked 
|  63|0x00000000c3f00000, 0x00000000c3f00000, 0x00000000c4000000|  0%| F|  |TAMS 0x00000000c3f00000, 0x00000000c3f00000| Untracked 
|  64|0x00000000c4000000, 0x00000000c4000000, 0x00000000c4100000|  0%| F|  |TAMS 0x00000000c4000000, 0x00000000c4000000| Untracked 
|  65|0x00000000c4100000, 0x00000000c4100000, 0x00000000c4200000|  0%| F|  |TAMS 0x00000000c4100000, 0x00000000c4100000| Untracked 
|  66|0x00000000c4200000, 0x00000000c4200000, 0x00000000c4300000|  0%| F|  |TAMS 0x00000000c4200000, 0x00000000c4200000| Untracked 
|  67|0x00000000c4300000, 0x00000000c4300000, 0x00000000c4400000|  0%| F|  |TAMS 0x00000000c4300000, 0x00000000c4300000| Untracked 
|  68|0x00000000c4400000, 0x00000000c4400000, 0x00000000c4500000|  0%| F|  |TAMS 0x00000000c4400000, 0x00000000c4400000| Untracked 
|  69|0x00000000c4500000, 0x00000000c4500000, 0x00000000c4600000|  0%| F|  |TAMS 0x00000000c4500000, 0x00000000c4500000| Untracked 
|  70|0x00000000c4600000, 0x00000000c4600000, 0x00000000c4700000|  0%| F|  |TAMS 0x00000000c4600000, 0x00000000c4600000| Untracked 
|  71|0x00000000c4700000, 0x00000000c4700000, 0x00000000c4800000|  0%| F|  |TAMS 0x00000000c4700000, 0x00000000c4700000| Untracked 
|  72|0x00000000c4800000, 0x00000000c4800000, 0x00000000c4900000|  0%| F|  |TAMS 0x00000000c4800000, 0x00000000c4800000| Untracked 
|  73|0x00000000c4900000, 0x00000000c4900000, 0x00000000c4a00000|  0%| F|  |TAMS 0x00000000c4900000, 0x00000000c4900000| Untracked 
|  74|0x00000000c4a00000, 0x00000000c4a00000, 0x00000000c4b00000|  0%| F|  |TAMS 0x00000000c4a00000, 0x00000000c4a00000| Untracked 
|  75|0x00000000c4b00000, 0x00000000c4b00000, 0x00000000c4c00000|  0%| F|  |TAMS 0x00000000c4b00000, 0x00000000c4b00000| Untracked 
|  76|0x00000000c4c00000, 0x00000000c4c00000, 0x00000000c4d00000|  0%| F|  |TAMS 0x00000000c4c00000, 0x00000000c4c00000| Untracked 
|  77|0x00000000c4d00000, 0x00000000c4d00000, 0x00000000c4e00000|  0%| F|  |TAMS 0x00000000c4d00000, 0x00000000c4d00000| Untracked 
|  78|0x00000000c4e00000, 0x00000000c4e00000, 0x00000000c4f00000|  0%| F|  |TAMS 0x00000000c4e00000, 0x00000000c4e00000| Untracked 
|  79|0x00000000c4f00000, 0x00000000c4f00000, 0x00000000c5000000|  0%| F|  |TAMS 0x00000000c4f00000, 0x00000000c4f00000| Untracked 
|  80|0x00000000c5000000, 0x00000000c5000000, 0x00000000c5100000|  0%| F|  |TAMS 0x00000000c5000000, 0x00000000c5000000| Untracked 
|  81|0x00000000c5100000, 0x00000000c5100000, 0x00000000c5200000|  0%| F|  |TAMS 0x00000000c5100000, 0x00000000c5100000| Untracked 
|  82|0x00000000c5200000, 0x00000000c5200000, 0x00000000c5300000|  0%| F|  |TAMS 0x00000000c5200000, 0x00000000c5200000| Untracked 
|  83|0x00000000c5300000, 0x00000000c5300000, 0x00000000c5400000|  0%| F|  |TAMS 0x00000000c5300000, 0x00000000c5300000| Untracked 
|  84|0x00000000c5400000, 0x00000000c5400000, 0x00000000c5500000|  0%| F|  |TAMS 0x00000000c5400000, 0x00000000c5400000| Untracked 
|  85|0x00000000c5500000, 0x00000000c5500000, 0x00000000c5600000|  0%| F|  |TAMS 0x00000000c5500000, 0x00000000c5500000| Untracked 
|  86|0x00000000c5600000, 0x00000000c5600000, 0x00000000c5700000|  0%| F|  |TAMS 0x00000000c5600000, 0x00000000c5600000| Untracked 
|  87|0x00000000c5700000, 0x00000000c5700000, 0x00000000c5800000|  0%| F|  |TAMS 0x00000000c5700000, 0x00000000c5700000| Untracked 
|  88|0x00000000c5800000, 0x00000000c5800000, 0x00000000c5900000|  0%| F|  |TAMS 0x00000000c5800000, 0x00000000c5800000| Untracked 
|  89|0x00000000c5900000, 0x00000000c5900000, 0x00000000c5a00000|  0%| F|  |TAMS 0x00000000c5900000, 0x00000000c5900000| Untracked 
|  90|0x00000000c5a00000, 0x00000000c5a00000, 0x00000000c5b00000|  0%| F|  |TAMS 0x00000000c5a00000, 0x00000000c5a00000| Untracked 
|  91|0x00000000c5b00000, 0x00000000c5b00000, 0x00000000c5c00000|  0%| F|  |TAMS 0x00000000c5b00000, 0x00000000c5b00000| Untracked 
|  92|0x00000000c5c00000, 0x00000000c5c00000, 0x00000000c5d00000|  0%| F|  |TAMS 0x00000000c5c00000, 0x00000000c5c00000| Untracked 
|  93|0x00000000c5d00000, 0x00000000c5d00000, 0x00000000c5e00000|  0%| F|  |TAMS 0x00000000c5d00000, 0x00000000c5d00000| Untracked 
|  94|0x00000000c5e00000, 0x00000000c5e00000, 0x00000000c5f00000|  0%| F|  |TAMS 0x00000000c5e00000, 0x00000000c5e00000| Untracked 
|  95|0x00000000c5f00000, 0x00000000c5f00000, 0x00000000c6000000|  0%| F|  |TAMS 0x00000000c5f00000, 0x00000000c5f00000| Untracked 
|  96|0x00000000c6000000, 0x00000000c6000000, 0x00000000c6100000|  0%| F|  |TAMS 0x00000000c6000000, 0x00000000c6000000| Untracked 
|  97|0x00000000c6100000, 0x00000000c6100000, 0x00000000c6200000|  0%| F|  |TAMS 0x00000000c6100000, 0x00000000c6100000| Untracked 
|  98|0x00000000c6200000, 0x00000000c6200000, 0x00000000c6300000|  0%| F|  |TAMS 0x00000000c6200000, 0x00000000c6200000| Untracked 
|  99|0x00000000c6300000, 0x00000000c6300000, 0x00000000c6400000|  0%| F|  |TAMS 0x00000000c6300000, 0x00000000c6300000| Untracked 
| 100|0x00000000c6400000, 0x00000000c6400000, 0x00000000c6500000|  0%| F|  |TAMS 0x00000000c6400000, 0x00000000c6400000| Untracked 
| 101|0x00000000c6500000, 0x00000000c6500000, 0x00000000c6600000|  0%| F|  |TAMS 0x00000000c6500000, 0x00000000c6500000| Untracked 
| 102|0x00000000c6600000, 0x00000000c6600000, 0x00000000c6700000|  0%| F|  |TAMS 0x00000000c6600000, 0x00000000c6600000| Untracked 
| 103|0x00000000c6700000, 0x00000000c6708ec0, 0x00000000c6800000|  3%| E|  |TAMS 0x00000000c6700000, 0x00000000c6700000| Complete 

Card table byte_map: [0x000001cb64b00000,0x000001cb64d00000] _byte_map_base: 0x000001cb64500000

Marking Bits (Prev, Next): (CMBitMap*) 0x000001cb5eab1550, (CMBitMap*) 0x000001cb5eab1590
 Prev Bits: [0x000001cb64f00000, 0x000001cb65f00000)
 Next Bits: [0x000001cb65f00000, 0x000001cb66f00000)

Polling page: 0x000001cb5e220000

Metaspace:

Usage:
  Non-class:     50.44 MB used.
      Class:      7.19 MB used.
       Both:     57.63 MB used.

Virtual space:
  Non-class space:       64.00 MB reserved,      50.69 MB ( 79%) committed,  1 nodes.
      Class space:        1.00 GB reserved,       7.38 MB ( <1%) committed,  1 nodes.
             Both:        1.06 GB reserved,      58.06 MB (  5%) committed. 

Chunk freelists:
   Non-Class:  12.79 MB
       Class:  8.59 MB
        Both:  21.38 MB

MaxMetaspaceSize: unlimited
CompressedClassSpaceSize: 1.00 GB
Initial GC threshold: 21.00 MB
Current GC threshold: 96.69 MB
CDS: off
MetaspaceReclaimPolicy: balanced
 - commit_granule_bytes: 65536.
 - commit_granule_words: 8192.
 - virtual_space_node_default_size: 8388608.
 - enlarge_chunks_in_place: 1.
 - new_chunks_are_fully_committed: 0.
 - uncommit_free_chunks: 1.
 - use_allocation_guard: 0.
 - handle_deallocations: 1.


Internal statistics:

num_allocs_failed_limit: 6.
num_arena_births: 742.
num_arena_deaths: 268.
num_vsnodes_births: 2.
num_vsnodes_deaths: 0.
num_space_committed: 929.
num_space_uncommitted: 0.
num_chunks_returned_to_freelist: 335.
num_chunks_taken_from_freelist: 2673.
num_chunk_merges: 93.
num_chunk_splits: 1776.
num_chunks_enlarged: 1346.
num_inconsistent_stats: 0.

CodeCache: size=49152Kb used=12313Kb max_used=13997Kb free=36838Kb
 bounds [0x000001cb616e0000, 0x000001cb62500000, 0x000001cb646e0000]
 total_blobs=7581 nmethods=6917 adapters=591
 compilation: enabled
              stopped_count=0, restarted_count=0
 full_count=0

Compilation events (20 events):
Event: 826.943 Thread 0x000001cb6e62c530 nmethod 6908 0x000001cb6233f390 code [0x000001cb6233f520, 0x000001cb6233f5f8]
Event: 826.943 Thread 0x000001cb6e0d0640 6910       1       org.eclipse.jdt.internal.compiler.classfmt.ClassFileReader::getMethods (5 bytes)
Event: 826.943 Thread 0x000001cb6e0d1360 6899       1       org.eclipse.jdt.internal.compiler.env.NameEnvironmentAnswer::moduleName (5 bytes)
Event: 826.943 Thread 0x000001cb6e62c530 6892       1       org.eclipse.jdt.internal.compiler.lookup.ModuleBinding::name (5 bytes)
Event: 826.943 Thread 0x000001cb69aa6490 nmethod 6909 0x000001cb6233f090 code [0x000001cb6233f220, 0x000001cb6233f2f8]
Event: 826.943 Thread 0x000001cb69aa6490 6911       1       org.eclipse.jdt.internal.compiler.classfmt.ClassFileReader::getSuperclassName (5 bytes)
Event: 826.944 Thread 0x000001cb6e0d0640 nmethod 6910 0x000001cb6233ed90 code [0x000001cb6233ef20, 0x000001cb6233eff8]
Event: 826.944 Thread 0x000001cb6e0d1360 nmethod 6899 0x000001cb6233ea90 code [0x000001cb6233ec20, 0x000001cb6233ecf8]
Event: 826.944 Thread 0x000001cb6e62c530 nmethod 6892 0x000001cb6233e790 code [0x000001cb6233e920, 0x000001cb6233e9f8]
Event: 826.944 Thread 0x000001cb6e0d0640 6912       1       org.eclipse.jdt.internal.compiler.classfmt.ClassFileReader::getInterfaceNames (5 bytes)
Event: 826.944 Thread 0x000001cb69aa6490 nmethod 6911 0x000001cb6233e490 code [0x000001cb6233e620, 0x000001cb6233e6f8]
Event: 826.944 Thread 0x000001cb6e0d0640 nmethod 6912 0x000001cb6233e190 code [0x000001cb6233e320, 0x000001cb6233e3f8]
Event: 831.472 Thread 0x000001cb6e0d0640 6914       1       com.google.common.cache.LocalCache$Segment::getLiveValue (61 bytes)
Event: 831.474 Thread 0x000001cb6e0d0640 nmethod 6914 0x000001cb6233d010 code [0x000001cb6233d300, 0x000001cb6233db18]
Event: 1080.608 Thread 0x000001cb69aa6490 6915       1       java.io.FileDescriptor::setHandle (33 bytes)
Event: 1080.608 Thread 0x000001cb69aa6490 nmethod 6915 0x000001cb6233cc90 code [0x000001cb6233ce20, 0x000001cb6233cf68]
Event: 1090.840 Thread 0x000001cb69aa6490 6916       1       java.io.FileDescriptor$1::setHandle (6 bytes)
Event: 1090.840 Thread 0x000001cb69aa6490 nmethod 6916 0x000001cb6233c910 code [0x000001cb6233caa0, 0x000001cb6233cbe8]
Event: 1090.840 Thread 0x000001cb69aa6490 6917       1       java.io.FileDescriptor$1::registerCleanup (5 bytes)
Event: 1090.841 Thread 0x000001cb69aa6490 nmethod 6917 0x000001cb6233c610 code [0x000001cb6233c7a0, 0x000001cb6233c888]

GC Heap History (20 events):
Event: 1111.510 GC heap before
{Heap before GC invocations=101 (full 51):
 garbage-first heap   total 106496K, used 31134K [0x00000000c0000000, 0x0000000100000000)
  region size 1024K, 1 young (1024K), 0 survivors (0K)
 Metaspace       used 59010K, committed 59456K, reserved 1114112K
  class space    used 7360K, committed 7552K, reserved 1048576K
}
Event: 1111.550 GC heap after
{Heap after GC invocations=102 (full 52):
 garbage-first heap   total 106496K, used 31134K [0x00000000c0000000, 0x0000000100000000)
  region size 1024K, 0 young (0K), 0 survivors (0K)
 Metaspace       used 59010K, committed 59456K, reserved 1114112K
  class space    used 7360K, committed 7552K, reserved 1048576K
}
Event: 1121.718 GC heap before
{Heap before GC invocations=102 (full 52):
 garbage-first heap   total 106496K, used 31134K [0x00000000c0000000, 0x0000000100000000)
  region size 1024K, 1 young (1024K), 0 survivors (0K)
 Metaspace       used 59010K, committed 59456K, reserved 1114112K
  class space    used 7360K, committed 7552K, reserved 1048576K
}
Event: 1121.759 GC heap after
{Heap after GC invocations=103 (full 53):
 garbage-first heap   total 106496K, used 31134K [0x00000000c0000000, 0x0000000100000000)
  region size 1024K, 0 young (0K), 0 survivors (0K)
 Metaspace       used 59010K, committed 59456K, reserved 1114112K
  class space    used 7360K, committed 7552K, reserved 1048576K
}
Event: 1132.067 GC heap before
{Heap before GC invocations=103 (full 53):
 garbage-first heap   total 106496K, used 31134K [0x00000000c0000000, 0x0000000100000000)
  region size 1024K, 1 young (1024K), 0 survivors (0K)
 Metaspace       used 59010K, committed 59456K, reserved 1114112K
  class space    used 7360K, committed 7552K, reserved 1048576K
}
Event: 1132.115 GC heap after
{Heap after GC invocations=104 (full 54):
 garbage-first heap   total 106496K, used 31134K [0x00000000c0000000, 0x0000000100000000)
  region size 1024K, 0 young (0K), 0 survivors (0K)
 Metaspace       used 59010K, committed 59456K, reserved 1114112K
  class space    used 7360K, committed 7552K, reserved 1048576K
}
Event: 1142.675 GC heap before
{Heap before GC invocations=104 (full 54):
 garbage-first heap   total 106496K, used 31134K [0x00000000c0000000, 0x0000000100000000)
  region size 1024K, 1 young (1024K), 0 survivors (0K)
 Metaspace       used 59010K, committed 59456K, reserved 1114112K
  class space    used 7360K, committed 7552K, reserved 1048576K
}
Event: 1142.715 GC heap after
{Heap after GC invocations=105 (full 55):
 garbage-first heap   total 106496K, used 31134K [0x00000000c0000000, 0x0000000100000000)
  region size 1024K, 0 young (0K), 0 survivors (0K)
 Metaspace       used 59010K, committed 59456K, reserved 1114112K
  class space    used 7360K, committed 7552K, reserved 1048576K
}
Event: 1152.893 GC heap before
{Heap before GC invocations=105 (full 55):
 garbage-first heap   total 106496K, used 31134K [0x00000000c0000000, 0x0000000100000000)
  region size 1024K, 1 young (1024K), 0 survivors (0K)
 Metaspace       used 59010K, committed 59456K, reserved 1114112K
  class space    used 7360K, committed 7552K, reserved 1048576K
}
Event: 1152.936 GC heap after
{Heap after GC invocations=106 (full 56):
 garbage-first heap   total 106496K, used 31134K [0x00000000c0000000, 0x0000000100000000)
  region size 1024K, 0 young (0K), 0 survivors (0K)
 Metaspace       used 59010K, committed 59456K, reserved 1114112K
  class space    used 7360K, committed 7552K, reserved 1048576K
}
Event: 1163.115 GC heap before
{Heap before GC invocations=106 (full 56):
 garbage-first heap   total 106496K, used 31134K [0x00000000c0000000, 0x0000000100000000)
  region size 1024K, 1 young (1024K), 0 survivors (0K)
 Metaspace       used 59010K, committed 59456K, reserved 1114112K
  class space    used 7360K, committed 7552K, reserved 1048576K
}
Event: 1163.155 GC heap after
{Heap after GC invocations=107 (full 57):
 garbage-first heap   total 106496K, used 31134K [0x00000000c0000000, 0x0000000100000000)
  region size 1024K, 0 young (0K), 0 survivors (0K)
 Metaspace       used 59010K, committed 59456K, reserved 1114112K
  class space    used 7360K, committed 7552K, reserved 1048576K
}
Event: 1173.354 GC heap before
{Heap before GC invocations=107 (full 57):
 garbage-first heap   total 106496K, used 31134K [0x00000000c0000000, 0x0000000100000000)
  region size 1024K, 1 young (1024K), 0 survivors (0K)
 Metaspace       used 59010K, committed 59456K, reserved 1114112K
  class space    used 7360K, committed 7552K, reserved 1048576K
}
Event: 1173.396 GC heap after
{Heap after GC invocations=108 (full 58):
 garbage-first heap   total 106496K, used 31134K [0x00000000c0000000, 0x0000000100000000)
  region size 1024K, 0 young (0K), 0 survivors (0K)
 Metaspace       used 59010K, committed 59456K, reserved 1114112K
  class space    used 7360K, committed 7552K, reserved 1048576K
}
Event: 1183.588 GC heap before
{Heap before GC invocations=108 (full 58):
 garbage-first heap   total 106496K, used 31134K [0x00000000c0000000, 0x0000000100000000)
  region size 1024K, 1 young (1024K), 0 survivors (0K)
 Metaspace       used 59010K, committed 59456K, reserved 1114112K
  class space    used 7360K, committed 7552K, reserved 1048576K
}
Event: 1183.633 GC heap after
{Heap after GC invocations=109 (full 59):
 garbage-first heap   total 106496K, used 31134K [0x00000000c0000000, 0x0000000100000000)
  region size 1024K, 0 young (0K), 0 survivors (0K)
 Metaspace       used 59010K, committed 59456K, reserved 1114112K
  class space    used 7360K, committed 7552K, reserved 1048576K
}
Event: 1193.863 GC heap before
{Heap before GC invocations=109 (full 59):
 garbage-first heap   total 106496K, used 31134K [0x00000000c0000000, 0x0000000100000000)
  region size 1024K, 1 young (1024K), 0 survivors (0K)
 Metaspace       used 59010K, committed 59456K, reserved 1114112K
  class space    used 7360K, committed 7552K, reserved 1048576K
}
Event: 1193.908 GC heap after
{Heap after GC invocations=110 (full 60):
 garbage-first heap   total 106496K, used 31134K [0x00000000c0000000, 0x0000000100000000)
  region size 1024K, 0 young (0K), 0 survivors (0K)
 Metaspace       used 59010K, committed 59456K, reserved 1114112K
  class space    used 7360K, committed 7552K, reserved 1048576K
}
Event: 1204.405 GC heap before
{Heap before GC invocations=110 (full 60):
 garbage-first heap   total 106496K, used 31134K [0x00000000c0000000, 0x0000000100000000)
  region size 1024K, 1 young (1024K), 0 survivors (0K)
 Metaspace       used 59010K, committed 59456K, reserved 1114112K
  class space    used 7360K, committed 7552K, reserved 1048576K
}
Event: 1204.465 GC heap after
{Heap after GC invocations=111 (full 61):
 garbage-first heap   total 106496K, used 31134K [0x00000000c0000000, 0x0000000100000000)
  region size 1024K, 0 young (0K), 0 survivors (0K)
 Metaspace       used 59010K, committed 59456K, reserved 1114112K
  class space    used 7360K, committed 7552K, reserved 1048576K
}

Dll operation events (9 events):
Event: 0.047 Loaded shared library c:\Users\joao.ferreira\.vscode\extensions\redhat.java-1.24.0-win32-x64\jre\17.0.8.1-win32-x86_64\bin\java.dll
Event: 0.580 Loaded shared library C:\Users\joao.ferreira\.vscode\extensions\redhat.java-1.24.0-win32-x64\jre\17.0.8.1-win32-x86_64\bin\net.dll
Event: 0.582 Loaded shared library C:\Users\joao.ferreira\.vscode\extensions\redhat.java-1.24.0-win32-x64\jre\17.0.8.1-win32-x86_64\bin\nio.dll
Event: 0.595 Loaded shared library C:\Users\joao.ferreira\.vscode\extensions\redhat.java-1.24.0-win32-x64\jre\17.0.8.1-win32-x86_64\bin\zip.dll
Event: 0.966 Loaded shared library C:\Users\joao.ferreira\.vscode\extensions\redhat.java-1.24.0-win32-x64\jre\17.0.8.1-win32-x86_64\bin\jimage.dll
Event: 8.839 Loaded shared library c:\Users\joao.ferreira\.vscode\extensions\redhat.java-1.24.0-win32-x64\jre\17.0.8.1-win32-x86_64\bin\verify.dll
Event: 9.655 Loaded shared library C:\Users\joao.ferreira\.vscode\extensions\redhat.java-1.24.0-win32-x64\jre\17.0.8.1-win32-x86_64\bin\management.dll
Event: 9.659 Loaded shared library C:\Users\joao.ferreira\.vscode\extensions\redhat.java-1.24.0-win32-x64\jre\17.0.8.1-win32-x86_64\bin\management_ext.dll
Event: 10.917 Loaded shared library C:\Users\joao.ferreira\.vscode\extensions\redhat.java-1.24.0-win32-x64\jre\17.0.8.1-win32-x86_64\bin\sunmscapi.dll

Deoptimization events (18 events):
Event: 5.364 Thread 0x000001cb5ea76220 DEOPT PACKING pc=0x000001cb61cd6c19 sp=0x000000208a6fd590
Event: 5.364 Thread 0x000001cb5ea76220 DEOPT UNPACKING pc=0x000001cb61737143 sp=0x000000208a6fca70 mode 3
Event: 7.825 Thread 0x000001cb5ea76220 DEOPT PACKING pc=0x000001cb61d66855 sp=0x000000208a6feba0
Event: 7.825 Thread 0x000001cb5ea76220 DEOPT UNPACKING pc=0x000001cb61737143 sp=0x000000208a6fe048 mode 3
Event: 9.922 Thread 0x000001cb69aa3a30 DEOPT PACKING pc=0x000001cb61ef5bb5 sp=0x000000208c7fdd50
Event: 9.922 Thread 0x000001cb69aa3a30 DEOPT UNPACKING pc=0x000001cb61737143 sp=0x000000208c7fd278 mode 3
Event: 9.997 Thread 0x000001cb69aa2b00 DEOPT PACKING pc=0x000001cb61c96081 sp=0x000000208c6fde50
Event: 9.997 Thread 0x000001cb69aa2b00 DEOPT UNPACKING pc=0x000001cb61737143 sp=0x000000208c6fd2e0 mode 3
Event: 10.008 Thread 0x000001cb69aa3a30 DEOPT PACKING pc=0x000001cb61c71d97 sp=0x000000208c7fed80
Event: 10.008 Thread 0x000001cb69aa3a30 DEOPT UNPACKING pc=0x000001cb61737143 sp=0x000000208c7fe1d8 mode 3
Event: 11.019 Thread 0x000001cb6f4feca0 DEOPT PACKING pc=0x000001cb61956f0c sp=0x000000208d8fad70
Event: 11.019 Thread 0x000001cb6f4feca0 DEOPT UNPACKING pc=0x000001cb61737143 sp=0x000000208d8fa238 mode 0
Event: 11.480 Thread 0x000001cb6f4f8760 DEOPT PACKING pc=0x000001cb6207c76e sp=0x000000208d7fd2a0
Event: 11.480 Thread 0x000001cb6f4f8760 DEOPT UNPACKING pc=0x000001cb61737143 sp=0x000000208d7fc798 mode 3
Event: 11.636 Thread 0x000001cb6f4f8760 DEOPT PACKING pc=0x000001cb62107afd sp=0x000000208d7fd780
Event: 11.637 Thread 0x000001cb6f4f8760 DEOPT UNPACKING pc=0x000001cb61737143 sp=0x000000208d7fcd00 mode 3
Event: 144.804 Thread 0x000001cb69aa2b00 DEOPT PACKING pc=0x000001cb61d72bd4 sp=0x000000208c6ff160
Event: 144.804 Thread 0x000001cb69aa2b00 DEOPT UNPACKING pc=0x000001cb61737143 sp=0x000000208c6fe608 mode 0

Classes unloaded (20 events):
Event: 260.699 Thread 0x000001cb69935870 Unloading class 0x00000001003a9800 'java/lang/invoke/LambdaForm$MH+0x00000001003a9800'
Event: 260.699 Thread 0x000001cb69935870 Unloading class 0x00000001003ac800 'java/lang/invoke/LambdaForm$MH+0x00000001003ac800'
Event: 260.699 Thread 0x000001cb69935870 Unloading class 0x00000001003c4000 'java/lang/invoke/LambdaForm$MH+0x00000001003c4000'
Event: 260.699 Thread 0x000001cb69935870 Unloading class 0x00000001006a4000 'java/lang/invoke/LambdaForm$MH+0x00000001006a4000'
Event: 260.699 Thread 0x000001cb69935870 Unloading class 0x000000010074a400 'java/lang/invoke/LambdaForm$MH+0x000000010074a400'
Event: 260.699 Thread 0x000001cb69935870 Unloading class 0x000000010074a800 'java/lang/invoke/LambdaForm$MH+0x000000010074a800'
Event: 267.689 Thread 0x000001cb69935870 Unloading class 0x0000000100754c00 'jdk/internal/reflect/GeneratedConstructorAccessor50'
Event: 673.101 Thread 0x000001cb69935870 Unloading class 0x000000010076a800 'java/lang/invoke/LambdaForm$MH+0x000000010076a800'
Event: 673.101 Thread 0x000001cb69935870 Unloading class 0x000000010076a400 'java/lang/invoke/LambdaForm$MH+0x000000010076a400'
Event: 673.101 Thread 0x000001cb69935870 Unloading class 0x000000010076a000 'java/lang/invoke/LambdaForm$MH+0x000000010076a000'
Event: 673.101 Thread 0x000001cb69935870 Unloading class 0x0000000100769c00 'java/lang/invoke/LambdaForm$MH+0x0000000100769c00'
Event: 673.101 Thread 0x000001cb69935870 Unloading class 0x0000000100769800 'jdk/internal/reflect/GeneratedConstructorAccessor64'
Event: 673.101 Thread 0x000001cb69935870 Unloading class 0x0000000100769400 'jdk/internal/reflect/GeneratedConstructorAccessor63'
Event: 673.101 Thread 0x000001cb69935870 Unloading class 0x0000000100769000 'jdk/internal/reflect/GeneratedConstructorAccessor62'
Event: 673.101 Thread 0x000001cb69935870 Unloading class 0x0000000100768c00 'jdk/internal/reflect/GeneratedConstructorAccessor61'
Event: 673.101 Thread 0x000001cb69935870 Unloading class 0x000000010074a800 'jdk/internal/reflect/GeneratedConstructorAccessor60'
Event: 673.101 Thread 0x000001cb69935870 Unloading class 0x000000010074a400 'jdk/internal/reflect/GeneratedConstructorAccessor59'
Event: 673.101 Thread 0x000001cb69935870 Unloading class 0x00000001006a4000 'jdk/internal/reflect/GeneratedConstructorAccessor58'
Event: 673.101 Thread 0x000001cb69935870 Unloading class 0x00000001003c4000 'jdk/internal/reflect/GeneratedConstructorAccessor57'
Event: 673.101 Thread 0x000001cb69935870 Unloading class 0x00000001003ac800 'jdk/internal/reflect/GeneratedConstructorAccessor56'

Classes redefined (0 events):
No events

Internal exceptions (20 events):
Event: 619.167 Thread 0x000001cb6f4f8760 Exception <a 'sun/nio/fs/WindowsException'{0x00000000c7bbf5c0}> (0x00000000c7bbf5c0) 
thrown [s\src\hotspot\share\prims\jni.cpp, line 516]
Event: 619.167 Thread 0x000001cb6f4f8760 Exception <a 'sun/nio/fs/WindowsException'{0x00000000c7bbf9a0}> (0x00000000c7bbf9a0) 
thrown [s\src\hotspot\share\prims\jni.cpp, line 516]
Event: 619.168 Thread 0x000001cb6f4f8760 Exception <a 'sun/nio/fs/WindowsException'{0x00000000c7bc65a8}> (0x00000000c7bc65a8) 
thrown [s\src\hotspot\share\prims\jni.cpp, line 516]
Event: 619.168 Thread 0x000001cb6f4f8760 Exception <a 'sun/nio/fs/WindowsException'{0x00000000c7bc6d80}> (0x00000000c7bc6d80) 
thrown [s\src\hotspot\share\prims\jni.cpp, line 516]
Event: 619.168 Thread 0x000001cb6f4f8760 Exception <a 'sun/nio/fs/WindowsException'{0x00000000c7bc7170}> (0x00000000c7bc7170) 
thrown [s\src\hotspot\share\prims\jni.cpp, line 516]
Event: 619.168 Thread 0x000001cb6f4f8760 Exception <a 'sun/nio/fs/WindowsException'{0x00000000c7bc8120}> (0x00000000c7bc8120) 
thrown [s\src\hotspot\share\prims\jni.cpp, line 516]
Event: 619.168 Thread 0x000001cb6f4f8760 Exception <a 'sun/nio/fs/WindowsException'{0x00000000c7bc8560}> (0x00000000c7bc8560) 
thrown [s\src\hotspot\share\prims\jni.cpp, line 516]
Event: 619.169 Thread 0x000001cb6f4f8760 Exception <a 'sun/nio/fs/WindowsException'{0x00000000c7bc92e8}> (0x00000000c7bc92e8) 
thrown [s\src\hotspot\share\prims\jni.cpp, line 516]
Event: 619.169 Thread 0x000001cb6f4f8760 Exception <a 'sun/nio/fs/WindowsException'{0x00000000c7bc9ac0}> (0x00000000c7bc9ac0) 
thrown [s\src\hotspot\share\prims\jni.cpp, line 516]
Event: 619.169 Thread 0x000001cb6f4f8760 Exception <a 'sun/nio/fs/WindowsException'{0x00000000c7bc9eb0}> (0x00000000c7bc9eb0) 
thrown [s\src\hotspot\share\prims\jni.cpp, line 516]
Event: 619.169 Thread 0x000001cb6f4f8760 Exception <a 'sun/nio/fs/WindowsException'{0x00000000c7bcae60}> (0x00000000c7bcae60) 
thrown [s\src\hotspot\share\prims\jni.cpp, line 516]
Event: 619.169 Thread 0x000001cb6f4f8760 Exception <a 'sun/nio/fs/WindowsException'{0x00000000c7bcb2a0}> (0x00000000c7bcb2a0) 
thrown [s\src\hotspot\share\prims\jni.cpp, line 516]
Event: 619.236 Thread 0x000001cb6f4f8760 Exception <a 'sun/nio/fs/WindowsException'{0x00000000c70043a0}> (0x00000000c70043a0) 
thrown [s\src\hotspot\share\prims\jni.cpp, line 516]
Event: 619.236 Thread 0x000001cb6f4f8760 Exception <a 'sun/nio/fs/WindowsException'{0x00000000c7004b40}> (0x00000000c7004b40) 
thrown [s\src\hotspot\share\prims\jni.cpp, line 516]
Event: 619.236 Thread 0x000001cb6f4f8760 Exception <a 'sun/nio/fs/WindowsException'{0x00000000c7004f20}> (0x00000000c7004f20) 
thrown [s\src\hotspot\share\prims\jni.cpp, line 516]
Event: 619.236 Thread 0x000001cb6f4f8760 Exception <a 'sun/nio/fs/WindowsException'{0x00000000c700bb28}> (0x00000000c700bb28) 
thrown [s\src\hotspot\share\prims\jni.cpp, line 516]
Event: 619.236 Thread 0x000001cb6f4f8760 Exception <a 'sun/nio/fs/WindowsException'{0x00000000c700c300}> (0x00000000c700c300) 
thrown [s\src\hotspot\share\prims\jni.cpp, line 516]
Event: 619.236 Thread 0x000001cb6f4f8760 Exception <a 'sun/nio/fs/WindowsException'{0x00000000c700c6f0}> (0x00000000c700c6f0) 
thrown [s\src\hotspot\share\prims\jni.cpp, line 516]
Event: 619.236 Thread 0x000001cb6f4f8760 Exception <a 'sun/nio/fs/WindowsException'{0x00000000c700d6a0}> (0x00000000c700d6a0) 
thrown [s\src\hotspot\share\prims\jni.cpp, line 516]
Event: 619.237 Thread 0x000001cb6f4f8760 Exception <a 'sun/nio/fs/WindowsException'{0x00000000c700dae0}> (0x00000000c700dae0) 
thrown [s\src\hotspot\share\prims\jni.cpp, line 516]

VM Operations (20 events):
Event: 1111.550 Executing VM operation: G1CollectFull done
Event: 1121.718 Executing VM operation: G1CollectFull
Event: 1121.759 Executing VM operation: G1CollectFull done
Event: 1132.066 Executing VM operation: G1CollectFull
Event: 1132.115 Executing VM operation: G1CollectFull done
Event: 1142.675 Executing VM operation: G1CollectFull
Event: 1142.716 Executing VM operation: G1CollectFull done
Event: 1152.892 Executing VM operation: G1CollectFull
Event: 1152.936 Executing VM operation: G1CollectFull done
Event: 1163.115 Executing VM operation: G1CollectFull
Event: 1163.155 Executing VM operation: G1CollectFull done
Event: 1173.354 Executing VM operation: G1CollectFull
Event: 1173.397 Executing VM operation: G1CollectFull done
Event: 1183.588 Executing VM operation: G1CollectFull
Event: 1183.633 Executing VM operation: G1CollectFull done
Event: 1193.863 Executing VM operation: G1CollectFull
Event: 1193.909 Executing VM operation: G1CollectFull done
Event: 1204.405 Executing VM operation: G1CollectFull
Event: 1204.465 Executing VM operation: G1CollectFull done
Event: 1216.780 Executing VM operation: G1CollectFull

Events (20 events):
Event: 536.913 Thread 0x000001cb777c9400 Thread exited: 0x000001cb777c9400
Event: 561.263 Thread 0x000001cb6f4f9ba0 Thread exited: 0x000001cb6f4f9ba0
Event: 593.867 Thread 0x000001cb6f4fd860 Thread added: 0x000001cb6f4fd860
Event: 626.560 Thread 0x000001cb6f4fd350 Thread added: 0x000001cb6f4fd350
Event: 626.577 Thread 0x000001cb6e630b80 Thread added: 0x000001cb6e630b80
Event: 631.939 Thread 0x000001cb6e630b80 Thread exited: 0x000001cb6e630b80
Event: 678.624 Thread 0x000001cb6f4fd860 Thread exited: 0x000001cb6f4fd860
Event: 686.586 Thread 0x000001cb6f4fe280 Thread exited: 0x000001cb6f4fe280
Event: 686.601 Thread 0x000001cb6f4f8250 Thread exited: 0x000001cb6f4f8250
Event: 686.945 Thread 0x000001cb6f4fd350 Thread exited: 0x000001cb6f4fd350
Event: 826.920 Thread 0x000001cb6f4fa5c0 Thread added: 0x000001cb6f4fa5c0
Event: 826.923 Thread 0x000001cb6f4f9ba0 Thread added: 0x000001cb6f4f9ba0
Event: 826.940 Thread 0x000001cb6e62c530 Thread added: 0x000001cb6e62c530
Event: 826.940 Thread 0x000001cb6e0d0640 Thread added: 0x000001cb6e0d0640
Event: 826.940 Thread 0x000001cb6e0d1360 Thread added: 0x000001cb6e0d1360
Event: 831.472 Thread 0x000001cb6e0d1360 Thread exited: 0x000001cb6e0d1360
Event: 836.485 Thread 0x000001cb6e0d0640 Thread exited: 0x000001cb6e0d0640
Event: 841.492 Thread 0x000001cb6e62c530 Thread exited: 0x000001cb6e62c530
Event: 886.955 Thread 0x000001cb6f4f9ba0 Thread exited: 0x000001cb6f4f9ba0
Event: 891.474 Thread 0x000001cb6f4fa5c0 Thread exited: 0x000001cb6f4fa5c0


Dynamic libraries:
0x00007ff651bb0000 - 0x00007ff651bbe000 	c:\Users\joao.ferreira\.vscode\extensions\redhat.java-1.24.0-win32-x64\jre\17.0.8.1-win32-x86_64\bin\java.exe
0x00007ffe01d10000 - 0x00007ffe01f27000 	C:\WINDOWS\SYSTEM32\ntdll.dll
0x00007ffe00930000 - 0x00007ffe009f4000 	C:\WINDOWS\System32\KERNEL32.DLL
0x00007ffdff4e0000 - 0x00007ffdff886000 	C:\WINDOWS\System32\KERNELBASE.dll
0x00007ffdff100000 - 0x00007ffdff211000 	C:\WINDOWS\System32\ucrtbase.dll
0x00007ffdea300000 - 0x00007ffdea319000 	c:\Users\joao.ferreira\.vscode\extensions\redhat.java-1.24.0-win32-x64\jre\17.0.8.1-win32-x86_64\bin\VCRUNTIME140.dll
0x00007ffdefcc0000 - 0x00007ffdefcd7000 	c:\Users\joao.ferreira\.vscode\extensions\redhat.java-1.24.0-win32-x64\jre\17.0.8.1-win32-x86_64\bin\jli.dll
0x00007ffe00ed0000 - 0x00007ffe0107d000 	C:\WINDOWS\System32\USER32.dll
0x00007ffdde5e0000 - 0x00007ffdde873000 	C:\WINDOWS\WinSxS\amd64_microsoft.windows.common-controls_6595b64144ccf1df_6.0.22621.2361_none_2712ced57382f843\COMCTL32.dll
0x00007ffdff4b0000 - 0x00007ffdff4d6000 	C:\WINDOWS\System32\win32u.dll
0x00007ffe01c20000 - 0x00007ffe01cc7000 	C:\WINDOWS\System32\msvcrt.dll
0x00007ffe00320000 - 0x00007ffe00349000 	C:\WINDOWS\System32\GDI32.dll
0x00007ffdff390000 - 0x00007ffdff4a8000 	C:\WINDOWS\System32\gdi32full.dll
0x00007ffdff890000 - 0x00007ffdff92a000 	C:\WINDOWS\System32\msvcp_win.dll
0x00007ffe01670000 - 0x00007ffe016a1000 	C:\WINDOWS\System32\IMM32.DLL
0x00007ffdf1920000 - 0x00007ffdf192c000 	c:\Users\joao.ferreira\.vscode\extensions\redhat.java-1.24.0-win32-x64\jre\17.0.8.1-win32-x86_64\bin\vcruntime140_1.dll
0x00007ffdb2a00000 - 0x00007ffdb2a91000 	c:\Users\joao.ferreira\.vscode\extensions\redhat.java-1.24.0-win32-x64\jre\17.0.8.1-win32-x86_64\bin\msvcp140.dll
0x00007ffd9ae50000 - 0x00007ffd9ba9c000 	c:\Users\joao.ferreira\.vscode\extensions\redhat.java-1.24.0-win32-x64\jre\17.0.8.1-win32-x86_64\bin\server\jvm.dll
0x00007ffe015c0000 - 0x00007ffe01670000 	C:\WINDOWS\System32\ADVAPI32.dll
0x00007ffe01080000 - 0x00007ffe01126000 	C:\WINDOWS\System32\sechost.dll
0x00007ffe016b0000 - 0x00007ffe017c7000 	C:\WINDOWS\System32\RPCRT4.dll
0x00007ffdfef60000 - 0x00007ffdfefad000 	C:\WINDOWS\SYSTEM32\POWRPROF.dll
0x00007ffde2550000 - 0x00007ffde2559000 	C:\WINDOWS\SYSTEM32\WSOCK32.dll
0x00007ffe01140000 - 0x00007ffe011b1000 	C:\WINDOWS\System32\WS2_32.dll
0x00007ffdf5720000 - 0x00007ffdf572a000 	C:\WINDOWS\SYSTEM32\VERSION.dll
0x00007ffdf5780000 - 0x00007ffdf57b4000 	C:\WINDOWS\SYSTEM32\WINMM.dll
0x00007ffdfef40000 - 0x00007ffdfef53000 	C:\WINDOWS\SYSTEM32\UMPDC.dll
0x00007ffdfe030000 - 0x00007ffdfe048000 	C:\WINDOWS\SYSTEM32\kernel.appcore.dll
0x00007ffdf1670000 - 0x00007ffdf167a000 	c:\Users\joao.ferreira\.vscode\extensions\redhat.java-1.24.0-win32-x64\jre\17.0.8.1-win32-x86_64\bin\jimage.dll
0x00007ffdfc8e0000 - 0x00007ffdfcb0e000 	C:\WINDOWS\SYSTEM32\DBGHELP.DLL
0x00007ffe00a00000 - 0x00007ffe00d8a000 	C:\WINDOWS\System32\combase.dll
0x00007ffe00d90000 - 0x00007ffe00e67000 	C:\WINDOWS\System32\OLEAUT32.dll
0x00007ffde0890000 - 0x00007ffde08c2000 	C:\WINDOWS\SYSTEM32\dbgcore.DLL
0x00007ffdff9f0000 - 0x00007ffdffa6a000 	C:\WINDOWS\System32\bcryptPrimitives.dll
0x00007ffdd8ce0000 - 0x00007ffdd8d05000 	c:\Users\joao.ferreira\.vscode\extensions\redhat.java-1.24.0-win32-x64\jre\17.0.8.1-win32-x86_64\bin\java.dll
0x00007ffde8ed0000 - 0x00007ffde8ee8000 	c:\Users\joao.ferreira\.vscode\extensions\redhat.java-1.24.0-win32-x64\jre\17.0.8.1-win32-x86_64\bin\zip.dll
0x00007ffdffac0000 - 0x00007ffe00318000 	C:\WINDOWS\System32\SHELL32.dll
0x00007ffdfcfa0000 - 0x00007ffdfd892000 	C:\WINDOWS\SYSTEM32\windows.storage.dll
0x00007ffdfce60000 - 0x00007ffdfcf9e000 	C:\WINDOWS\SYSTEM32\wintypes.dll
0x00007ffe01230000 - 0x00007ffe01323000 	C:\WINDOWS\System32\SHCORE.dll
0x00007ffe017d0000 - 0x00007ffe0182e000 	C:\WINDOWS\System32\shlwapi.dll
0x00007ffdfefc0000 - 0x00007ffdfefe6000 	C:\WINDOWS\SYSTEM32\profapi.dll
0x00007ffde8d10000 - 0x00007ffde8d29000 	C:\Users\joao.ferreira\.vscode\extensions\redhat.java-1.24.0-win32-x64\jre\17.0.8.1-win32-x86_64\bin\net.dll
0x00007ffdf53a0000 - 0x00007ffdf54d7000 	C:\WINDOWS\SYSTEM32\WINHTTP.dll
0x00007ffdfe500000 - 0x00007ffdfe569000 	C:\WINDOWS\system32\mswsock.dll
0x00007ffde8c60000 - 0x00007ffde8c75000 	C:\Users\joao.ferreira\.vscode\extensions\redhat.java-1.24.0-win32-x64\jre\17.0.8.1-win32-x86_64\bin\nio.dll
0x00007ffdfe820000 - 0x00007ffdfe83b000 	C:\WINDOWS\SYSTEM32\CRYPTSP.dll
0x00007ffdfdff0000 - 0x00007ffdfe025000 	C:\WINDOWS\system32\rsaenh.dll
0x00007ffdfe5a0000 - 0x00007ffdfe5cc000 	C:\WINDOWS\SYSTEM32\USERENV.dll
0x00007ffdfe960000 - 0x00007ffdfe988000 	C:\WINDOWS\SYSTEM32\bcrypt.dll
0x00007ffdfe800000 - 0x00007ffdfe80c000 	C:\WINDOWS\SYSTEM32\CRYPTBASE.dll
0x00007ffdfdb00000 - 0x00007ffdfdb2d000 	C:\WINDOWS\SYSTEM32\IPHLPAPI.DLL
0x00007ffe01340000 - 0x00007ffe01349000 	C:\WINDOWS\System32\NSI.dll
0x00007ffdf5730000 - 0x00007ffdf5749000 	C:\WINDOWS\SYSTEM32\dhcpcsvc6.DLL
0x00007ffdf4ff0000 - 0x00007ffdf500f000 	C:\WINDOWS\SYSTEM32\dhcpcsvc.DLL
0x00007ffdfdb70000 - 0x00007ffdfdc69000 	C:\WINDOWS\SYSTEM32\DNSAPI.dll
0x00007ffdf1280000 - 0x00007ffdf1290000 	c:\Users\joao.ferreira\.vscode\extensions\redhat.java-1.24.0-win32-x64\jre\17.0.8.1-win32-x86_64\bin\verify.dll
0x00007ffdeab40000 - 0x00007ffdeab49000 	C:\Users\joao.ferreira\.vscode\extensions\redhat.java-1.24.0-win32-x64\jre\17.0.8.1-win32-x86_64\bin\management.dll
0x00007ffdea710000 - 0x00007ffdea71b000 	C:\Users\joao.ferreira\.vscode\extensions\redhat.java-1.24.0-win32-x64\jre\17.0.8.1-win32-x86_64\bin\management_ext.dll
0x00007ffe004a0000 - 0x00007ffe004a8000 	C:\WINDOWS\System32\PSAPI.DLL
0x00007ffdeaca0000 - 0x00007ffdeacae000 	C:\Users\joao.ferreira\.vscode\extensions\redhat.java-1.24.0-win32-x64\jre\17.0.8.1-win32-x86_64\bin\sunmscapi.dll
0x00007ffdff220000 - 0x00007ffdff386000 	C:\WINDOWS\System32\CRYPT32.dll
0x00007ffdfe930000 - 0x00007ffdfe95d000 	C:\WINDOWS\SYSTEM32\ncrypt.dll
0x00007ffdfe8d0000 - 0x00007ffdfe907000 	C:\WINDOWS\SYSTEM32\NTASN1.dll
0x00007ffdf42b0000 - 0x00007ffdf42ba000 	C:\Windows\System32\rasadhlp.dll
0x00007ffdf4980000 - 0x00007ffdf4a04000 	C:\WINDOWS\System32\fwpuclnt.dll

dbghelp: loaded successfully - version: 4.0.5 - missing functions: none
symbol engine: initialized successfully - sym options: 0x614 - pdb path: .;c:\Users\joao.ferreira\.vscode\extensions\redhat.java-1.24.0-win32-x64\jre\17.0.8.1-win32-x86_64\bin;C:\WINDOWS\SYSTEM32;C:\WINDOWS\WinSxS\amd64_microsoft.windows.common-controls_6595b64144ccf1df_6.0.22621.2361_none_2712ced57382f843;c:\Users\joao.ferreira\.vscode\extensions\redhat.java-1.24.0-win32-x64\jre\17.0.8.1-win32-x86_64\bin\server

VM Arguments:
jvm_args: -XX:+HeapDumpOnOutOfMemoryError -Xmx1024m -Dsts.lsp.client=vscode -Dsts.log.file=/dev/null -XX:TieredStopAtLevel=1 -Xlog:jni+resolve=off -Dspring.config.location=file:c:\Users\joao.ferreira\.vscode\extensions\vmware.vscode-spring-boot-1.50.0\language-server\BOOT-INF\classes\application.properties 
java_command: org.springframework.ide.vscode.boot.app.BootLanguageServerBootApp
java_class_path (initial): c:\Users\joao.ferreira\.vscode\extensions\vmware.vscode-spring-boot-1.50.0\language-server\BOOT-INF\classes;c:\Users\joao.ferreira\.vscode\extensions\vmware.vscode-spring-boot-1.50.0\language-server\BOOT-INF\lib\annotations-24.0.1.jar;c:\Users\joao.ferreira\.vscode\extensions\vmware.vscode-spring-boot-1.50.0\language-server\BOOT-INF\lib\antlr-runtime-3.5.3.jar;c:\Users\joao.ferreira\.vscode\extensions\vmware.vscode-spring-boot-1.50.0\language-server\BOOT-INF\lib\antlr4-4.11.1.jar;c:\Users\joao.ferreira\.vscode\extensions\vmware.vscode-spring-boot-1.50.0\language-server\BOOT-INF\lib\antlr4-runtime-4.11.1.jar;c:\Users\joao.ferreira\.vscode\extensions\vmware.vscode-spring-boot-1.50.0\language-server\BOOT-INF\lib\archunit-1.1.0.jar;c:\Users\joao.ferreira\.vscode\extensions\vmware.vscode-spring-boot-1.50.0\language-server\BOOT-INF\lib\asm-9.5.jar;c:\Users\joao.ferreira\.vscode\extensions\vmware.vscode-spring-boot-1.50.0\language-server\BOOT-INF\lib\asm-analysis-9.5.jar;c:\Users\joao.ferreira\.vscode\extensions\vmware.vscode-spring-boot-1.50.0\language-server\BOOT-INF\lib\asm-tree-9.5.jar;c:\Users\joao.ferreira\.vscode\extensions\vmware.vscode-spring-boot-1.50.0\language-server\BOOT-INF\lib\asm-util-9.5.jar;c:\Users\joao.ferreira\.vscode\extensions\vmware.vscode-spring-boot-1.50.0\language-server\BOOT-INF\lib\bosh-language-server-1.50.0-SNAPSHOT.jar;c:\Users\joao.ferreira\.vscode\extensions\vmware.vscode-spring-boot-1.50.0\language-server\BOOT-INF\lib\caffeine-3.1.8.jar;c:\Users\joao.ferreira\.vscode\extensions\vmware.vscode-spring-boot-1.50.0\language-server\BOOT-INF\lib\checker-qual-3.12.0.jar;c:\Users\joao.ferreira\.vscode\extensions\vmware.vscode-spring-boot-1.50.0\language-server\BOOT-INF\lib\classgraph-4.8.149.jar;c:\Users\joao.ferreira\.vscode\extensions\vmware.vscode-spring-boot-1.50.0\language-server\BOOT-INF\lib\commons-codec-1.15.jar;c:\Users\joao.ferreira\.vscode\extensions\vmware.vscode-spring-boot-1.50.0\language-server\BOOT-INF\
Launcher Type: SUN_STANDARD

[Global flags]
     intx CICompilerCount                          = 4                                         {product} {ergonomic}
     uint ConcGCThreads                            = 2                                         {product} {ergonomic}
     uint G1ConcRefinementThreads                  = 8                                         {product} {ergonomic}
   size_t G1HeapRegionSize                         = 1048576                                   {product} {ergonomic}
    uintx GCDrainStackTargetSize                   = 64                                        {product} {ergonomic}
     bool HeapDumpOnOutOfMemoryError               = true                                   {manageable} {command line}
   size_t InitialHeapSize                          = 132120576                                 {product} {ergonomic}
   size_t MarkStackSize                            = 4194304                                   {product} {ergonomic}
   size_t MaxHeapSize                              = 1073741824                                {product} {command line}
   size_t MaxNewSize                               = 643825664                                 {product} {ergonomic}
   size_t MinHeapDeltaBytes                        = 1048576                                   {product} {ergonomic}
   size_t MinHeapSize                              = 8388608                                   {product} {ergonomic}
    uintx NonProfiledCodeHeapSize                  = 0                                      {pd product} {ergonomic}
     bool ProfileInterpreter                       = false                                  {pd product} {command line}
    uintx ProfiledCodeHeapSize                     = 0                                      {pd product} {ergonomic}
   size_t SoftMaxHeapSize                          = 1073741824                             {manageable} {ergonomic}
     intx TieredStopAtLevel                        = 1                                         {product} {command line}
     bool UseCompressedClassPointers               = true                           {product lp64_product} {ergonomic}
     bool UseCompressedOops                        = true                           {product lp64_product} {ergonomic}
     bool UseG1GC                                  = true                                      {product} {ergonomic}
     bool UseLargePagesIndividualAllocation        = false                                  {pd product} {ergonomic}

Logging:
Log output configuration:
 #0: stdout all=warning,jni+resolve=off uptime,level,tags
 #1: stderr all=off uptime,level,tags

Environment Variables:
JAVA_HOME=C:\Program Files\Java\jdk-20
PATH=C:\Program Files\Common Files\Oracle\Java\javapath;C:\Program Files (x86)\Common Files\Oracle\Java\javapath;C:\WINDOWS\system32;C:\WINDOWS;C:\WINDOWS\System32\Wbem;C:\WINDOWS\System32\WindowsPowerShell\v1.0\;C:\WINDOWS\System32\OpenSSH\;C:\Program Files\dotnet\;C:\ProgramData\chocolatey\bin;C:\Program Files\Git\cmd;C:\Program Files\Java\jdk-17\bin;C:\Program Files\Maven\apache-maven-3.9.5\bin;C:\Users\joao.ferreira\AppData\Local\Microsoft\WindowsApps;C:\Users\joao.ferreira\AppData\Local\Programs\Microsoft VS Code\bin;C:\Program Files (x86)\Nmap;C:\Users\joao.ferreira\AppData\Local\Android\Sdk\emulator;C:\Users\joao.ferreira\AppData\Local\Android\Sdk\tools\bin;C:\Users\joao.ferreira\AppData\Local\Android\Sdk\platform-tools;C:\Users\joao.ferreira\AppData\Local\Android\Sdk\tools;
USERNAME=joao.ferreira
OS=Windows_NT
PROCESSOR_IDENTIFIER=Intel64 Family 6 Model 142 Stepping 12, GenuineIntel
TMP=C:\Users\JOAO~1.FER\AppData\Local\Temp
TEMP=C:\Users\JOAO~1.FER\AppData\Local\Temp



---------------  S Y S T E M  ---------------

OS:
 Windows 11 , 64 bit Build 22621 (10.0.22621.2428)
OS uptime: 27 days 14:05 hours
Hyper-V role detected

CPU: total 8 (initial active 8) (4 cores per cpu, 2 threads per core) family 6 model 142 stepping 12 microcode 0xf8, cx8, cmov, fxsr, ht, mmx, 3dnowpref, sse, sse2, sse3, ssse3, sse4.1, sse4.2, popcnt, lzcnt, tsc, tscinvbit, avx, avx2, aes, erms, clmul, bmi1, bmi2, adx, fma, vzeroupper, clflush, clflushopt, hv
Processor Information for all 8 processors :
  Max Mhz: 1800, Current Mhz: 1600, Mhz Limit: 1584

Memory: 4k page, system-wide physical 8054M (425M free)
TotalPageFile size 16246M (AvailPageFile size 232M)
current process WorkingSet (physical memory assigned to process): 106M, peak: 374M
current process commit charge ("private bytes"): 275M, peak: 437M

vm_info: OpenJDK 64-Bit Server VM (17.0.8.1+1) for windows-amd64 JRE (17.0.8.1+1), built on Aug 23 2023 15:29:17 by "admin" with MS VC++ 16.7 (VS2019)

END.
