#
# There is insufficient memory for the Java Runtime Environment to continue.
# Native memory allocation (malloc) failed to allocate 751536 bytes for Chunk::new
# Possible reasons:
#   The system is out of physical RAM or swap space
#   The process is running with CompressedOops enabled, and the Java Heap may be blocking the growth of the native heap
# Possible solutions:
#   Reduce memory load on the system
#   Increase physical memory or swap space
#   Check if swap backing store is full
#   Decrease Java heap size (-Xmx/-Xms)
#   Decrease number of Java threads
#   Decrease Java thread stack sizes (-Xss)
#   Set larger code cache with -XX:ReservedCodeCacheSize=
#   JVM is running with Unscaled Compressed Oops mode in which the Java heap is
#     placed in the first 4GB address space. The Java Heap base address is the
#     maximum limit for the native heap growth. Please use -XX:HeapBaseMinAddress
#     to set the Java Heap base and to place the Java Heap above 4GB virtual address.
# This output file may be truncated or incomplete.
#
#  Out of Memory Error (arena.cpp:189), pid=14580, tid=5056
#
# JRE version: Java(TM) SE Runtime Environment (17.0.8+9) (build 17.0.8+9-LTS-211)
# Java VM: Java HotSpot(TM) 64-Bit Server VM (17.0.8+9-LTS-211, mixed mode, sharing, tiered, compressed oops, compressed class ptrs, g1 gc, windows-amd64)
# No core dump will be written. Minidumps are not enabled by default on client versions of Windows
#

---------------  S U M M A R Y ------------

Command Line: -XX:+ShowCodeDetailsInExceptionMessages com.joaoferreira.springboot.SpringbootApplication

Host: Intel(R) Core(TM) i5-8265U CPU @ 1.60GHz, 8 cores, 7G,  Windows 11 , 64 bit Build 22621 (10.0.22621.2428)
Time: Sun Nov 12 21:29:18 2023 Hora oficial do Brasil elapsed time: 2.268442 seconds (0d 0h 0m 2s)

---------------  T H R E A D  ---------------

Current thread (0x0000020315d03980):  JavaThread "C2 CompilerThread0" daemon [_thread_in_native, id=5056, stack(0x0000000644300000,0x0000000644400000)]


Current CompileTask:
C2:   2268 2122       4       java.net.URLStreamHandler::parseURL (1201 bytes)

Stack: [0x0000000644300000,0x0000000644400000]
Native frames: (J=compiled Java code, j=interpreted, Vv=VM code, C=native code)
V  [jvm.dll+0x677d0a]
V  [jvm.dll+0x7d8c54]
V  [jvm.dll+0x7da3fe]
V  [jvm.dll+0x7daa63]
V  [jvm.dll+0x245c5f]
V  [jvm.dll+0xaaa6b]
V  [jvm.dll+0xab00c]
V  [jvm.dll+0x361e8e]
V  [jvm.dll+0x1bba6a]
V  [jvm.dll+0x218157]
V  [jvm.dll+0x217431]
V  [jvm.dll+0x1a3af0]
V  [jvm.dll+0x2270be]
V  [jvm.dll+0x22535b]
V  [jvm.dll+0x78e7bc]
V  [jvm.dll+0x788bba]
V  [jvm.dll+0x676b35]
C  [ucrtbase.dll+0x29363]
C  [KERNEL32.DLL+0x1257d]
C  [ntdll.dll+0x5aa78]


---------------  P R O C E S S  ---------------

Threads class SMR info:
_java_thread_list=0x000002035c6be270, length=15, elements={
0x0000020375e3c680, 0x0000020315cd52e0, 0x0000020315cd6150, 0x0000020315ceaf00,
0x0000020315ceb9c0, 0x0000020315cec570, 0x0000020315ceef30, 0x0000020315d03980,
0x0000020315d24340, 0x0000020315d26c50, 0x00000203162b28d0, 0x00000203162bca30,
0x000002031632c7e0, 0x0000020316d02ab0, 0x000002035c0ad020
}

Java Threads: ( => current thread )
  0x0000020375e3c680 JavaThread "main" [_thread_blocked, id=15460, stack(0x0000000643600000,0x0000000643700000)]
  0x0000020315cd52e0 JavaThread "Reference Handler" daemon [_thread_blocked, id=16532, stack(0x0000000643d00000,0x0000000643e00000)]
  0x0000020315cd6150 JavaThread "Finalizer" daemon [_thread_blocked, id=23900, stack(0x0000000643e00000,0x0000000643f00000)]
  0x0000020315ceaf00 JavaThread "Signal Dispatcher" daemon [_thread_blocked, id=19844, stack(0x0000000643f00000,0x0000000644000000)]
  0x0000020315ceb9c0 JavaThread "Attach Listener" daemon [_thread_blocked, id=20556, stack(0x0000000644000000,0x0000000644100000)]
  0x0000020315cec570 JavaThread "Service Thread" daemon [_thread_blocked, id=33604, stack(0x0000000644100000,0x0000000644200000)]
  0x0000020315ceef30 JavaThread "Monitor Deflation Thread" daemon [_thread_blocked, id=16512, stack(0x0000000644200000,0x0000000644300000)]
=>0x0000020315d03980 JavaThread "C2 CompilerThread0" daemon [_thread_in_native, id=5056, stack(0x0000000644300000,0x0000000644400000)]
  0x0000020315d24340 JavaThread "C1 CompilerThread0" daemon [_thread_blocked, id=25512, stack(0x0000000644400000,0x0000000644500000)]
  0x0000020315d26c50 JavaThread "Sweeper thread" daemon [_thread_blocked, id=12284, stack(0x0000000644500000,0x0000000644600000)]
  0x00000203162b28d0 JavaThread "Notification Thread" daemon [_thread_blocked, id=32400, stack(0x0000000644600000,0x0000000644700000)]
  0x00000203162bca30 JavaThread "Common-Cleaner" daemon [_thread_blocked, id=3068, stack(0x0000000644800000,0x0000000644900000)]
  0x000002031632c7e0 JavaThread "C2 CompilerThread1" daemon [_thread_in_native, id=12468, stack(0x0000000644900000,0x0000000644a00000)]
  0x0000020316d02ab0 JavaThread "Thread-0" [_thread_blocked, id=8984, stack(0x0000000644a00000,0x0000000644b00000)]
  0x000002035c0ad020 JavaThread "restartedMain" [_thread_in_native, id=33304, stack(0x0000000644b00000,0x0000000644c00000)]

Other Threads:
  0x0000020315cce6d0 VMThread "VM Thread" [stack: 0x0000000643c00000,0x0000000643d00000] [id=30384]
  0x00000203162b4db0 WatcherThread [stack: 0x0000000644700000,0x0000000644800000] [id=30348]
  0x0000020377eb23a0 GCTaskThread "GC Thread#0" [stack: 0x0000000643700000,0x0000000643800000] [id=25548]
  0x000002035c2dad40 GCTaskThread "GC Thread#1" [stack: 0x0000000644c00000,0x0000000644d00000] [id=8812]
  0x000002035c2e2570 GCTaskThread "GC Thread#2" [stack: 0x0000000644d00000,0x0000000644e00000] [id=6952]
  0x0000020316aba4b0 GCTaskThread "GC Thread#3" [stack: 0x0000000644e00000,0x0000000644f00000] [id=15272]
  0x000002035c063620 GCTaskThread "GC Thread#4" [stack: 0x0000000644f00000,0x0000000645000000] [id=24380]
  0x000002035c0638d0 GCTaskThread "GC Thread#5" [stack: 0x0000000645000000,0x0000000645100000] [id=6280]
  0x000002035c846170 GCTaskThread "GC Thread#6" [stack: 0x0000000645200000,0x0000000645300000] [id=8312]
  0x000002035c5ffa10 GCTaskThread "GC Thread#7" [stack: 0x0000000645300000,0x0000000645400000] [id=27476]
  0x0000020377ec3eb0 ConcurrentGCThread "G1 Main Marker" [stack: 0x0000000643800000,0x0000000643900000] [id=19116]
  0x0000020377ec48c0 ConcurrentGCThread "G1 Conc#0" [stack: 0x0000000643900000,0x0000000643a00000] [id=8848]
  0x0000020377f1e590 ConcurrentGCThread "G1 Refine#0" [stack: 0x0000000643a00000,0x0000000643b00000] [id=11808]
  0x0000020315b85e10 ConcurrentGCThread "G1 Service" [stack: 0x0000000643b00000,0x0000000643c00000] [id=29872]

Threads with active compile tasks:
C2 CompilerThread0     2328 2122       4       java.net.URLStreamHandler::parseURL (1201 bytes)
C1 CompilerThread0     2328 2305       3       java.lang.ClassLoader::definePackage (53 bytes)
C2 CompilerThread1     2329 2244   !   4       java.util.WeakHashMap::expungeStaleEntries (139 bytes)

VM state: not at safepoint (normal execution)

VM Mutex/Monitor currently owned by a thread: None

Heap address: 0x0000000082200000, size: 2014 MB, Compressed Oops mode: 32-bit

CDS archive(s) mapped at: [0x0000020317000000-0x0000020317bd0000-0x0000020317bd0000), size 12386304, SharedBaseAddress: 0x0000020317000000, ArchiveRelocationMode: 1.
Compressed class space mapped at: 0x0000020318000000-0x0000020358000000, reserved size: 1073741824
Narrow klass base: 0x0000020317000000, Narrow klass shift: 0, Narrow klass range: 0x100000000

GC Precious Log:
 CPUs: 8 total, 8 available
 Memory: 8054M
 Large Page Support: Disabled
 NUMA Support: Disabled
 Compressed Oops: Enabled (32-bit)
 Heap Region Size: 1M
 Heap Min Capacity: 8M
 Heap Initial Capacity: 126M
 Heap Max Capacity: 2014M
 Pre-touch: Disabled
 Parallel Workers: 8
 Concurrent Workers: 2
 Concurrent Refinement Workers: 8
 Periodic GC: Disabled

Heap:
 garbage-first heap   total 129024K, used 39334K [0x0000000082200000, 0x0000000100000000)
  region size 1024K, 35 young (35840K), 3 survivors (3072K)
 Metaspace       used 18917K, committed 19200K, reserved 1114112K
  class space    used 2419K, committed 2560K, reserved 1048576K

Heap Regions: E=young(eden), S=young(survivor), O=old, HS=humongous(starts), HC=humongous(continues), CS=collection set, F=free, OA=open archive, CA=closed archive, TAMS=top-at-mark-start (previous, next)
|   0|0x0000000082200000, 0x0000000082300000, 0x0000000082300000|100%|HS|  |TAMS 0x0000000082200000, 0x0000000082200000| Complete 
|   1|0x0000000082300000, 0x0000000082400000, 0x0000000082400000|100%| O|  |TAMS 0x0000000082300000, 0x0000000082300000| Untracked 
|   2|0x0000000082400000, 0x0000000082500000, 0x0000000082500000|100%| O|  |TAMS 0x0000000082400000, 0x0000000082400000| Untracked 
|   3|0x0000000082500000, 0x0000000082600000, 0x0000000082600000|100%| O|  |TAMS 0x0000000082500000, 0x0000000082500000| Untracked 
|   4|0x0000000082600000, 0x0000000082700000, 0x0000000082700000|100%| O|  |TAMS 0x0000000082600000, 0x0000000082600000| Untracked 
|   5|0x0000000082700000, 0x0000000082800000, 0x0000000082800000|100%| O|  |TAMS 0x0000000082700000, 0x0000000082700000| Untracked 
|   6|0x0000000082800000, 0x0000000082860e00, 0x0000000082900000| 37%| O|  |TAMS 0x0000000082800000, 0x0000000082800000| Untracked 
|   7|0x0000000082900000, 0x0000000082900000, 0x0000000082a00000|  0%| F|  |TAMS 0x0000000082900000, 0x0000000082900000| Untracked 
|   8|0x0000000082a00000, 0x0000000082a00000, 0x0000000082b00000|  0%| F|  |TAMS 0x0000000082a00000, 0x0000000082a00000| Untracked 
|   9|0x0000000082b00000, 0x0000000082b00000, 0x0000000082c00000|  0%| F|  |TAMS 0x0000000082b00000, 0x0000000082b00000| Untracked 
|  10|0x0000000082c00000, 0x0000000082c00000, 0x0000000082d00000|  0%| F|  |TAMS 0x0000000082c00000, 0x0000000082c00000| Untracked 
|  11|0x0000000082d00000, 0x0000000082d00000, 0x0000000082e00000|  0%| F|  |TAMS 0x0000000082d00000, 0x0000000082d00000| Untracked 
|  12|0x0000000082e00000, 0x0000000082e00000, 0x0000000082f00000|  0%| F|  |TAMS 0x0000000082e00000, 0x0000000082e00000| Untracked 
|  13|0x0000000082f00000, 0x0000000082f00000, 0x0000000083000000|  0%| F|  |TAMS 0x0000000082f00000, 0x0000000082f00000| Untracked 
|  14|0x0000000083000000, 0x0000000083000000, 0x0000000083100000|  0%| F|  |TAMS 0x0000000083000000, 0x0000000083000000| Untracked 
|  15|0x0000000083100000, 0x0000000083100000, 0x0000000083200000|  0%| F|  |TAMS 0x0000000083100000, 0x0000000083100000| Untracked 
|  16|0x0000000083200000, 0x0000000083200000, 0x0000000083300000|  0%| F|  |TAMS 0x0000000083200000, 0x0000000083200000| Untracked 
|  17|0x0000000083300000, 0x0000000083300000, 0x0000000083400000|  0%| F|  |TAMS 0x0000000083300000, 0x0000000083300000| Untracked 
|  18|0x0000000083400000, 0x0000000083400000, 0x0000000083500000|  0%| F|  |TAMS 0x0000000083400000, 0x0000000083400000| Untracked 
|  19|0x0000000083500000, 0x0000000083500000, 0x0000000083600000|  0%| F|  |TAMS 0x0000000083500000, 0x0000000083500000| Untracked 
|  20|0x0000000083600000, 0x0000000083600000, 0x0000000083700000|  0%| F|  |TAMS 0x0000000083600000, 0x0000000083600000| Untracked 
|  21|0x0000000083700000, 0x0000000083700000, 0x0000000083800000|  0%| F|  |TAMS 0x0000000083700000, 0x0000000083700000| Untracked 
|  22|0x0000000083800000, 0x0000000083800000, 0x0000000083900000|  0%| F|  |TAMS 0x0000000083800000, 0x0000000083800000| Untracked 
|  23|0x0000000083900000, 0x0000000083900000, 0x0000000083a00000|  0%| F|  |TAMS 0x0000000083900000, 0x0000000083900000| Untracked 
|  24|0x0000000083a00000, 0x0000000083a00000, 0x0000000083b00000|  0%| F|  |TAMS 0x0000000083a00000, 0x0000000083a00000| Untracked 
|  25|0x0000000083b00000, 0x0000000083b00000, 0x0000000083c00000|  0%| F|  |TAMS 0x0000000083b00000, 0x0000000083b00000| Untracked 
|  26|0x0000000083c00000, 0x0000000083c00000, 0x0000000083d00000|  0%| F|  |TAMS 0x0000000083c00000, 0x0000000083c00000| Untracked 
|  27|0x0000000083d00000, 0x0000000083d00000, 0x0000000083e00000|  0%| F|  |TAMS 0x0000000083d00000, 0x0000000083d00000| Untracked 
|  28|0x0000000083e00000, 0x0000000083e00000, 0x0000000083f00000|  0%| F|  |TAMS 0x0000000083e00000, 0x0000000083e00000| Untracked 
|  29|0x0000000083f00000, 0x0000000083f00000, 0x0000000084000000|  0%| F|  |TAMS 0x0000000083f00000, 0x0000000083f00000| Untracked 
|  30|0x0000000084000000, 0x0000000084000000, 0x0000000084100000|  0%| F|  |TAMS 0x0000000084000000, 0x0000000084000000| Untracked 
|  31|0x0000000084100000, 0x0000000084100000, 0x0000000084200000|  0%| F|  |TAMS 0x0000000084100000, 0x0000000084100000| Untracked 
|  32|0x0000000084200000, 0x0000000084200000, 0x0000000084300000|  0%| F|  |TAMS 0x0000000084200000, 0x0000000084200000| Untracked 
|  33|0x0000000084300000, 0x0000000084300000, 0x0000000084400000|  0%| F|  |TAMS 0x0000000084300000, 0x0000000084300000| Untracked 
|  34|0x0000000084400000, 0x0000000084400000, 0x0000000084500000|  0%| F|  |TAMS 0x0000000084400000, 0x0000000084400000| Untracked 
|  35|0x0000000084500000, 0x0000000084500000, 0x0000000084600000|  0%| F|  |TAMS 0x0000000084500000, 0x0000000084500000| Untracked 
|  36|0x0000000084600000, 0x0000000084600000, 0x0000000084700000|  0%| F|  |TAMS 0x0000000084600000, 0x0000000084600000| Untracked 
|  37|0x0000000084700000, 0x0000000084700000, 0x0000000084800000|  0%| F|  |TAMS 0x0000000084700000, 0x0000000084700000| Untracked 
|  38|0x0000000084800000, 0x0000000084800000, 0x0000000084900000|  0%| F|  |TAMS 0x0000000084800000, 0x0000000084800000| Untracked 
|  39|0x0000000084900000, 0x0000000084900000, 0x0000000084a00000|  0%| F|  |TAMS 0x0000000084900000, 0x0000000084900000| Untracked 
|  40|0x0000000084a00000, 0x0000000084a00000, 0x0000000084b00000|  0%| F|  |TAMS 0x0000000084a00000, 0x0000000084a00000| Untracked 
|  41|0x0000000084b00000, 0x0000000084b00000, 0x0000000084c00000|  0%| F|  |TAMS 0x0000000084b00000, 0x0000000084b00000| Untracked 
|  42|0x0000000084c00000, 0x0000000084c00000, 0x0000000084d00000|  0%| F|  |TAMS 0x0000000084c00000, 0x0000000084c00000| Untracked 
|  43|0x0000000084d00000, 0x0000000084d00000, 0x0000000084e00000|  0%| F|  |TAMS 0x0000000084d00000, 0x0000000084d00000| Untracked 
|  44|0x0000000084e00000, 0x0000000084e00000, 0x0000000084f00000|  0%| F|  |TAMS 0x0000000084e00000, 0x0000000084e00000| Untracked 
|  45|0x0000000084f00000, 0x0000000084f00000, 0x0000000085000000|  0%| F|  |TAMS 0x0000000084f00000, 0x0000000084f00000| Untracked 
|  46|0x0000000085000000, 0x0000000085000000, 0x0000000085100000|  0%| F|  |TAMS 0x0000000085000000, 0x0000000085000000| Untracked 
|  47|0x0000000085100000, 0x0000000085100000, 0x0000000085200000|  0%| F|  |TAMS 0x0000000085100000, 0x0000000085100000| Untracked 
|  48|0x0000000085200000, 0x0000000085200000, 0x0000000085300000|  0%| F|  |TAMS 0x0000000085200000, 0x0000000085200000| Untracked 
|  49|0x0000000085300000, 0x0000000085300000, 0x0000000085400000|  0%| F|  |TAMS 0x0000000085300000, 0x0000000085300000| Untracked 
|  50|0x0000000085400000, 0x0000000085400000, 0x0000000085500000|  0%| F|  |TAMS 0x0000000085400000, 0x0000000085400000| Untracked 
|  51|0x0000000085500000, 0x0000000085500000, 0x0000000085600000|  0%| F|  |TAMS 0x0000000085500000, 0x0000000085500000| Untracked 
|  52|0x0000000085600000, 0x0000000085600000, 0x0000000085700000|  0%| F|  |TAMS 0x0000000085600000, 0x0000000085600000| Untracked 
|  53|0x0000000085700000, 0x0000000085700000, 0x0000000085800000|  0%| F|  |TAMS 0x0000000085700000, 0x0000000085700000| Untracked 
|  54|0x0000000085800000, 0x0000000085800000, 0x0000000085900000|  0%| F|  |TAMS 0x0000000085800000, 0x0000000085800000| Untracked 
|  55|0x0000000085900000, 0x0000000085900000, 0x0000000085a00000|  0%| F|  |TAMS 0x0000000085900000, 0x0000000085900000| Untracked 
|  56|0x0000000085a00000, 0x0000000085a00000, 0x0000000085b00000|  0%| F|  |TAMS 0x0000000085a00000, 0x0000000085a00000| Untracked 
|  57|0x0000000085b00000, 0x0000000085b00000, 0x0000000085c00000|  0%| F|  |TAMS 0x0000000085b00000, 0x0000000085b00000| Untracked 
|  58|0x0000000085c00000, 0x0000000085c00000, 0x0000000085d00000|  0%| F|  |TAMS 0x0000000085c00000, 0x0000000085c00000| Untracked 
|  59|0x0000000085d00000, 0x0000000085d00000, 0x0000000085e00000|  0%| F|  |TAMS 0x0000000085d00000, 0x0000000085d00000| Untracked 
|  60|0x0000000085e00000, 0x0000000085e00000, 0x0000000085f00000|  0%| F|  |TAMS 0x0000000085e00000, 0x0000000085e00000| Untracked 
|  61|0x0000000085f00000, 0x0000000085f00000, 0x0000000086000000|  0%| F|  |TAMS 0x0000000085f00000, 0x0000000085f00000| Untracked 
|  62|0x0000000086000000, 0x0000000086000000, 0x0000000086100000|  0%| F|  |TAMS 0x0000000086000000, 0x0000000086000000| Untracked 
|  63|0x0000000086100000, 0x0000000086100000, 0x0000000086200000|  0%| F|  |TAMS 0x0000000086100000, 0x0000000086100000| Untracked 
|  64|0x0000000086200000, 0x0000000086200000, 0x0000000086300000|  0%| F|  |TAMS 0x0000000086200000, 0x0000000086200000| Untracked 
|  65|0x0000000086300000, 0x0000000086300000, 0x0000000086400000|  0%| F|  |TAMS 0x0000000086300000, 0x0000000086300000| Untracked 
|  66|0x0000000086400000, 0x0000000086400000, 0x0000000086500000|  0%| F|  |TAMS 0x0000000086400000, 0x0000000086400000| Untracked 
|  67|0x0000000086500000, 0x0000000086500000, 0x0000000086600000|  0%| F|  |TAMS 0x0000000086500000, 0x0000000086500000| Untracked 
|  68|0x0000000086600000, 0x0000000086600000, 0x0000000086700000|  0%| F|  |TAMS 0x0000000086600000, 0x0000000086600000| Untracked 
|  69|0x0000000086700000, 0x0000000086700000, 0x0000000086800000|  0%| F|  |TAMS 0x0000000086700000, 0x0000000086700000| Untracked 
|  70|0x0000000086800000, 0x0000000086800000, 0x0000000086900000|  0%| F|  |TAMS 0x0000000086800000, 0x0000000086800000| Untracked 
|  71|0x0000000086900000, 0x0000000086900000, 0x0000000086a00000|  0%| F|  |TAMS 0x0000000086900000, 0x0000000086900000| Untracked 
|  72|0x0000000086a00000, 0x0000000086a00000, 0x0000000086b00000|  0%| F|  |TAMS 0x0000000086a00000, 0x0000000086a00000| Untracked 
|  73|0x0000000086b00000, 0x0000000086b00000, 0x0000000086c00000|  0%| F|  |TAMS 0x0000000086b00000, 0x0000000086b00000| Untracked 
|  74|0x0000000086c00000, 0x0000000086c00000, 0x0000000086d00000|  0%| F|  |TAMS 0x0000000086c00000, 0x0000000086c00000| Untracked 
|  75|0x0000000086d00000, 0x0000000086d00000, 0x0000000086e00000|  0%| F|  |TAMS 0x0000000086d00000, 0x0000000086d00000| Untracked 
|  76|0x0000000086e00000, 0x0000000086e00000, 0x0000000086f00000|  0%| F|  |TAMS 0x0000000086e00000, 0x0000000086e00000| Untracked 
|  77|0x0000000086f00000, 0x0000000086f00000, 0x0000000087000000|  0%| F|  |TAMS 0x0000000086f00000, 0x0000000086f00000| Untracked 
|  78|0x0000000087000000, 0x0000000087000000, 0x0000000087100000|  0%| F|  |TAMS 0x0000000087000000, 0x0000000087000000| Untracked 
|  79|0x0000000087100000, 0x0000000087100000, 0x0000000087200000|  0%| F|  |TAMS 0x0000000087100000, 0x0000000087100000| Untracked 
|  80|0x0000000087200000, 0x0000000087200000, 0x0000000087300000|  0%| F|  |TAMS 0x0000000087200000, 0x0000000087200000| Untracked 
|  81|0x0000000087300000, 0x0000000087300000, 0x0000000087400000|  0%| F|  |TAMS 0x0000000087300000, 0x0000000087300000| Untracked 
|  82|0x0000000087400000, 0x0000000087400000, 0x0000000087500000|  0%| F|  |TAMS 0x0000000087400000, 0x0000000087400000| Untracked 
|  83|0x0000000087500000, 0x0000000087500000, 0x0000000087600000|  0%| F|  |TAMS 0x0000000087500000, 0x0000000087500000| Untracked 
|  84|0x0000000087600000, 0x0000000087600000, 0x0000000087700000|  0%| F|  |TAMS 0x0000000087600000, 0x0000000087600000| Untracked 
|  85|0x0000000087700000, 0x0000000087700000, 0x0000000087800000|  0%| F|  |TAMS 0x0000000087700000, 0x0000000087700000| Untracked 
|  86|0x0000000087800000, 0x0000000087800000, 0x0000000087900000|  0%| F|  |TAMS 0x0000000087800000, 0x0000000087800000| Untracked 
|  87|0x0000000087900000, 0x0000000087900000, 0x0000000087a00000|  0%| F|  |TAMS 0x0000000087900000, 0x0000000087900000| Untracked 
|  88|0x0000000087a00000, 0x0000000087a00000, 0x0000000087b00000|  0%| F|  |TAMS 0x0000000087a00000, 0x0000000087a00000| Untracked 
|  89|0x0000000087b00000, 0x0000000087b00000, 0x0000000087c00000|  0%| F|  |TAMS 0x0000000087b00000, 0x0000000087b00000| Untracked 
|  90|0x0000000087c00000, 0x0000000087c80800, 0x0000000087d00000| 50%| E|  |TAMS 0x0000000087c00000, 0x0000000087c00000| Complete 
|  91|0x0000000087d00000, 0x0000000087e00000, 0x0000000087e00000|100%| E|CS|TAMS 0x0000000087d00000, 0x0000000087d00000| Complete 
|  92|0x0000000087e00000, 0x0000000087f00000, 0x0000000087f00000|100%| E|CS|TAMS 0x0000000087e00000, 0x0000000087e00000| Complete 
|  93|0x0000000087f00000, 0x0000000087f08cc0, 0x0000000088000000|  3%| S|CS|TAMS 0x0000000087f00000, 0x0000000087f00000| Complete 
|  94|0x0000000088000000, 0x0000000088100000, 0x0000000088100000|100%| S|CS|TAMS 0x0000000088000000, 0x0000000088000000| Complete 
|  95|0x0000000088100000, 0x0000000088200000, 0x0000000088200000|100%| S|CS|TAMS 0x0000000088100000, 0x0000000088100000| Complete 
|  96|0x0000000088200000, 0x0000000088300000, 0x0000000088300000|100%| E|CS|TAMS 0x0000000088200000, 0x0000000088200000| Complete 
|  97|0x0000000088300000, 0x0000000088400000, 0x0000000088400000|100%| E|CS|TAMS 0x0000000088300000, 0x0000000088300000| Complete 
|  98|0x0000000088400000, 0x0000000088500000, 0x0000000088500000|100%| E|CS|TAMS 0x0000000088400000, 0x0000000088400000| Complete 
|  99|0x0000000088500000, 0x0000000088600000, 0x0000000088600000|100%| E|CS|TAMS 0x0000000088500000, 0x0000000088500000| Complete 
| 100|0x0000000088600000, 0x0000000088700000, 0x0000000088700000|100%| E|CS|TAMS 0x0000000088600000, 0x0000000088600000| Complete 
| 101|0x0000000088700000, 0x0000000088800000, 0x0000000088800000|100%| E|CS|TAMS 0x0000000088700000, 0x0000000088700000| Complete 
| 102|0x0000000088800000, 0x0000000088900000, 0x0000000088900000|100%| E|CS|TAMS 0x0000000088800000, 0x0000000088800000| Complete 
| 103|0x0000000088900000, 0x0000000088a00000, 0x0000000088a00000|100%| E|CS|TAMS 0x0000000088900000, 0x0000000088900000| Complete 
| 104|0x0000000088a00000, 0x0000000088b00000, 0x0000000088b00000|100%| E|CS|TAMS 0x0000000088a00000, 0x0000000088a00000| Complete 
| 105|0x0000000088b00000, 0x0000000088c00000, 0x0000000088c00000|100%| E|CS|TAMS 0x0000000088b00000, 0x0000000088b00000| Complete 
| 106|0x0000000088c00000, 0x0000000088d00000, 0x0000000088d00000|100%| E|CS|TAMS 0x0000000088c00000, 0x0000000088c00000| Complete 
| 107|0x0000000088d00000, 0x0000000088e00000, 0x0000000088e00000|100%| E|CS|TAMS 0x0000000088d00000, 0x0000000088d00000| Complete 
| 108|0x0000000088e00000, 0x0000000088f00000, 0x0000000088f00000|100%| E|CS|TAMS 0x0000000088e00000, 0x0000000088e00000| Complete 
| 109|0x0000000088f00000, 0x0000000089000000, 0x0000000089000000|100%| E|CS|TAMS 0x0000000088f00000, 0x0000000088f00000| Complete 
| 110|0x0000000089000000, 0x0000000089100000, 0x0000000089100000|100%| E|  |TAMS 0x0000000089000000, 0x0000000089000000| Complete 
| 111|0x0000000089100000, 0x0000000089200000, 0x0000000089200000|100%| E|CS|TAMS 0x0000000089100000, 0x0000000089100000| Complete 
| 112|0x0000000089200000, 0x0000000089300000, 0x0000000089300000|100%| E|CS|TAMS 0x0000000089200000, 0x0000000089200000| Complete 
| 113|0x0000000089300000, 0x0000000089400000, 0x0000000089400000|100%| E|CS|TAMS 0x0000000089300000, 0x0000000089300000| Complete 
| 114|0x0000000089400000, 0x0000000089500000, 0x0000000089500000|100%| E|CS|TAMS 0x0000000089400000, 0x0000000089400000| Complete 
| 115|0x0000000089500000, 0x0000000089600000, 0x0000000089600000|100%| E|CS|TAMS 0x0000000089500000, 0x0000000089500000| Complete 
| 116|0x0000000089600000, 0x0000000089700000, 0x0000000089700000|100%| E|CS|TAMS 0x0000000089600000, 0x0000000089600000| Complete 
| 117|0x0000000089700000, 0x0000000089800000, 0x0000000089800000|100%| E|CS|TAMS 0x0000000089700000, 0x0000000089700000| Complete 
| 118|0x0000000089800000, 0x0000000089900000, 0x0000000089900000|100%| E|CS|TAMS 0x0000000089800000, 0x0000000089800000| Complete 
| 119|0x0000000089900000, 0x0000000089a00000, 0x0000000089a00000|100%| E|CS|TAMS 0x0000000089900000, 0x0000000089900000| Complete 
| 120|0x0000000089a00000, 0x0000000089b00000, 0x0000000089b00000|100%| E|CS|TAMS 0x0000000089a00000, 0x0000000089a00000| Complete 
| 121|0x0000000089b00000, 0x0000000089c00000, 0x0000000089c00000|100%| E|CS|TAMS 0x0000000089b00000, 0x0000000089b00000| Complete 
| 122|0x0000000089c00000, 0x0000000089d00000, 0x0000000089d00000|100%| E|CS|TAMS 0x0000000089c00000, 0x0000000089c00000| Complete 
| 123|0x0000000089d00000, 0x0000000089e00000, 0x0000000089e00000|100%| E|CS|TAMS 0x0000000089d00000, 0x0000000089d00000| Complete 
| 124|0x0000000089e00000, 0x0000000089f00000, 0x0000000089f00000|100%| E|CS|TAMS 0x0000000089e00000, 0x0000000089e00000| Complete 
| 125|0x0000000089f00000, 0x000000008a000000, 0x000000008a000000|100%| E|CS|TAMS 0x0000000089f00000, 0x0000000089f00000| Complete 

Card table byte_map: [0x000002030f000000,0x000002030f3f0000] _byte_map_base: 0x000002030ebef000

Marking Bits (Prev, Next): (CMBitMap*) 0x0000020377eb39c0, (CMBitMap*) 0x0000020377eb3a00
 Prev Bits: [0x000002030f7e0000, 0x0000020311758000)
 Next Bits: [0x0000020311760000, 0x00000203136d8000)

Polling page: 0x0000020375fe0000

Metaspace:

Usage:
  Non-class:     16.13 MB used.
      Class:      2.36 MB used.
       Both:     18.50 MB used.

Virtual space:
  Non-class space:       64.00 MB reserved,      16.25 MB ( 25%) committed,  1 nodes.
      Class space:        1.00 GB reserved,       2.50 MB ( <1%) committed,  1 nodes.
             Both:        1.06 GB reserved,      18.75 MB (  2%) committed. 

Chunk freelists:
   Non-Class:  15.52 MB
       Class:  13.51 MB
        Both:  29.03 MB

MaxMetaspaceSize: unlimited
CompressedClassSpaceSize: 1.00 GB
Initial GC threshold: 21.00 MB
Current GC threshold: 21.00 MB
CDS: on
MetaspaceReclaimPolicy: balanced
 - commit_granule_bytes: 65536.
 - commit_granule_words: 8192.
 - virtual_space_node_default_size: 8388608.
 - enlarge_chunks_in_place: 1.
 - new_chunks_are_fully_committed: 0.
 - uncommit_free_chunks: 1.
 - use_allocation_guard: 0.
 - handle_deallocations: 1.


Internal statistics:

num_allocs_failed_limit: 0.
num_arena_births: 210.
num_arena_deaths: 0.
num_vsnodes_births: 2.
num_vsnodes_deaths: 0.
num_space_committed: 300.
num_space_uncommitted: 0.
num_chunks_returned_to_freelist: 0.
num_chunks_taken_from_freelist: 832.
num_chunk_merges: 0.
num_chunk_splits: 579.
num_chunks_enlarged: 472.
num_purges: 0.
num_inconsistent_stats: 0.

CodeHeap 'non-profiled nmethods': size=120000Kb used=964Kb max_used=964Kb free=119035Kb
 bounds [0x0000020307ad0000, 0x0000020307d40000, 0x000002030f000000]
CodeHeap 'profiled nmethods': size=120000Kb used=4452Kb max_used=4452Kb free=115547Kb
 bounds [0x0000020300000000, 0x0000020300460000, 0x0000020307530000]
CodeHeap 'non-nmethods': size=5760Kb used=1197Kb max_used=1266Kb free=4562Kb
 bounds [0x0000020307530000, 0x00000203077a0000, 0x0000020307ad0000]
 total_blobs=2792 nmethods=2297 adapters=407
 compilation: enabled
              stopped_count=0, restarted_count=0
 full_count=0

Compilation events (20 events):
Event: 2.239 Thread 0x0000020315d24340 2245       3       java.time.Instant::<init> (15 bytes)
Event: 2.240 Thread 0x0000020315d24340 nmethod 2245 0x0000020300433210 code [0x00000203004333a0, 0x0000020300433518]
Event: 2.240 Thread 0x0000020315d24340 2247       3       org.springframework.core.annotation.AttributeMethods::canThrowTypeNotPresentException (7 bytes)
Event: 2.240 Thread 0x0000020315d24340 nmethod 2247 0x0000020300433610 code [0x00000203004337a0, 0x00000203004338d8]
Event: 2.240 Thread 0x0000020315d24340 2246       3       java.util.ArrayDeque::removeFirst (19 bytes)
Event: 2.240 Thread 0x0000020315d24340 nmethod 2246 0x0000020300433990 code [0x0000020300433b40, 0x0000020300433e18]
Event: 2.241 Thread 0x0000020315d24340 2249       3       java.util.RegularEnumSet$EnumSetIterator::hasNext (15 bytes)
Event: 2.241 Thread 0x0000020315d24340 nmethod 2249 0x0000020300433f10 code [0x00000203004340a0, 0x0000020300434218]
Event: 2.241 Thread 0x0000020315d24340 2250       3       java.time.Instant::create (49 bytes)
Event: 2.242 Thread 0x0000020315d24340 nmethod 2250 0x0000020300434290 code [0x0000020300434460, 0x0000020300434848]
Event: 2.242 Thread 0x0000020315d24340 2251       3       org.springframework.boot.context.properties.source.SpringIterableConfigurationPropertySource::getConfigurationProperty (94 bytes)
Event: 2.246 Thread 0x0000020315d24340 nmethod 2251 0x0000020300434990 code [0x0000020300434d00, 0x0000020300436508]
Event: 2.246 Thread 0x0000020315d24340 2252       3       org.springframework.boot.context.properties.source.SpringIterableConfigurationPropertySource$Mappings::getMapped (17 bytes)
Event: 2.246 Thread 0x0000020315d24340 nmethod 2252 0x0000020300436c10 code [0x0000020300436dc0, 0x0000020300437108]
Event: 2.246 Thread 0x0000020315d24340 2253       3       org.springframework.core.annotation.TypeMappedAnnotation$$Lambda$285/0x00000203181e84e0::extract (6 bytes)
Event: 2.248 Thread 0x0000020315d24340 nmethod 2253 0x0000020300437210 code [0x00000203004373e0, 0x00000203004377c8]
Event: 2.248 Thread 0x0000020315d24340 2254       1       org.springframework.core.annotation.AnnotationTypeMapping::getMetaTypes (5 bytes)
Event: 2.248 Thread 0x0000020315d24340 nmethod 2254 0x0000020307bbc510 code [0x0000020307bbc6a0, 0x0000020307bbc778]
Event: 2.248 Thread 0x0000020315d24340 2255       1       java.util.stream.ReduceOps$Box::get (5 bytes)
Event: 2.248 Thread 0x0000020315d24340 nmethod 2255 0x0000020307bbc810 code [0x0000020307bbc9a0, 0x0000020307bbca78]

GC Heap History (4 events):
Event: 0.906 GC heap before
{Heap before GC invocations=0 (full 0):
 garbage-first heap   total 129024K, used 23552K [0x0000000082200000, 0x0000000100000000)
  region size 1024K, 23 young (23552K), 0 survivors (0K)
 Metaspace       used 5906K, committed 6080K, reserved 1114112K
  class space    used 689K, committed 768K, reserved 1048576K
}
Event: 0.914 GC heap after
{Heap after GC invocations=1 (full 0):
 garbage-first heap   total 129024K, used 6457K [0x0000000082200000, 0x0000000100000000)
  region size 1024K, 3 young (3072K), 3 survivors (3072K)
 Metaspace       used 5906K, committed 6080K, reserved 1114112K
  class space    used 689K, committed 768K, reserved 1048576K
}
Event: 1.551 GC heap before
{Heap before GC invocations=1 (full 0):
 garbage-first heap   total 129024K, used 33081K [0x0000000082200000, 0x0000000100000000)
  region size 1024K, 30 young (30720K), 3 survivors (3072K)
 Metaspace       used 12142K, committed 12352K, reserved 1114112K
  class space    used 1645K, committed 1728K, reserved 1048576K
}
Event: 1.557 GC heap after
{Heap after GC invocations=2 (full 0):
 garbage-first heap   total 129024K, used 8614K [0x0000000082200000, 0x0000000100000000)
  region size 1024K, 3 young (3072K), 3 survivors (3072K)
 Metaspace       used 12142K, committed 12352K, reserved 1114112K
  class space    used 1645K, committed 1728K, reserved 1048576K
}

Deoptimization events (20 events):
Event: 1.917 Thread 0x000002035c0ad020 DEOPT PACKING pc=0x00000203001ca1b1 sp=0x0000000644bfdb40
Event: 1.917 Thread 0x000002035c0ad020 DEOPT UNPACKING pc=0x0000020307582b43 sp=0x0000000644bfd030 mode 0
Event: 1.917 Thread 0x000002035c0ad020 DEOPT PACKING pc=0x0000020300132066 sp=0x0000000644bfdb70
Event: 1.917 Thread 0x000002035c0ad020 DEOPT UNPACKING pc=0x0000020307582b43 sp=0x0000000644bfd038 mode 0
Event: 1.919 Thread 0x000002035c0ad020 DEOPT PACKING pc=0x00000203001ca1b1 sp=0x0000000644bfdb40
Event: 1.919 Thread 0x000002035c0ad020 DEOPT UNPACKING pc=0x0000020307582b43 sp=0x0000000644bfd030 mode 0
Event: 1.919 Thread 0x000002035c0ad020 DEOPT PACKING pc=0x0000020300132066 sp=0x0000000644bfdb70
Event: 1.919 Thread 0x000002035c0ad020 DEOPT UNPACKING pc=0x0000020307582b43 sp=0x0000000644bfd038 mode 0
Event: 1.920 Thread 0x000002035c0ad020 DEOPT PACKING pc=0x00000203001ca1b1 sp=0x0000000644bfdb40
Event: 1.920 Thread 0x000002035c0ad020 DEOPT UNPACKING pc=0x0000020307582b43 sp=0x0000000644bfd030 mode 0
Event: 1.920 Thread 0x000002035c0ad020 DEOPT PACKING pc=0x0000020300132066 sp=0x0000000644bfdb70
Event: 1.920 Thread 0x000002035c0ad020 DEOPT UNPACKING pc=0x0000020307582b43 sp=0x0000000644bfd038 mode 0
Event: 1.922 Thread 0x000002035c0ad020 DEOPT PACKING pc=0x00000203001ca1b1 sp=0x0000000644bfdb40
Event: 1.922 Thread 0x000002035c0ad020 DEOPT UNPACKING pc=0x0000020307582b43 sp=0x0000000644bfd030 mode 0
Event: 1.922 Thread 0x000002035c0ad020 DEOPT PACKING pc=0x0000020300132066 sp=0x0000000644bfdb70
Event: 1.922 Thread 0x000002035c0ad020 DEOPT UNPACKING pc=0x0000020307582b43 sp=0x0000000644bfd038 mode 0
Event: 2.219 Thread 0x000002035c0ad020 Uncommon trap: trap_request=0xffffff45 fr.pc=0x0000020307bb4448 relative=0x0000000000001028
Event: 2.219 Thread 0x000002035c0ad020 Uncommon trap: reason=unstable_if action=reinterpret pc=0x0000020307bb4448 method=jdk.internal.jimage.ImageStringsReader.stringFromByteBufferMatches(Ljava/nio/ByteBuffer;ILjava/lang/String;I)I @ 48 c2
Event: 2.219 Thread 0x000002035c0ad020 DEOPT PACKING pc=0x0000020307bb4448 sp=0x0000000644bfcd00
Event: 2.220 Thread 0x000002035c0ad020 DEOPT UNPACKING pc=0x00000203075823a3 sp=0x0000000644bfca58 mode 2

Classes unloaded (0 events):
No events

Classes redefined (0 events):
No events

Internal exceptions (20 events):
Event: 1.113 Thread 0x000002035c0ad020 Exception <a 'java/lang/NoSuchMethodError'{0x000000008989efa0}: 'void java.lang.invoke.DirectMethodHandle$Holder.invokeStaticInit(java.lang.Object, java.lang.Object)'> (0x000000008989efa0) 
thrown [s\open\src\hotspot\share\interpreter\linkResolver.cpp, line 759]
Event: 1.115 Thread 0x000002035c0ad020 Exception <a 'java/lang/NoSuchMethodError'{0x00000000898ac3e8}: 'void java.lang.invoke.DirectMethodHandle$Holder.invokeStaticInit(java.lang.Object, java.lang.Object, java.lang.Object)'> (0x00000000898ac3e8) 
thrown [s\open\src\hotspot\share\interpreter\linkResolver.cpp, line 759]
Event: 1.125 Thread 0x000002035c0ad020 Exception <a 'java/lang/NoSuchMethodError'{0x00000000898e8ff0}: 'java.lang.Object java.lang.invoke.DirectMethodHandle$Holder.invokeStatic(java.lang.Object, java.lang.Object, long, java.lang.Object)'> (0x00000000898e8ff0) 
thrown [s\open\src\hotspot\share\interpreter\linkResolver.cpp, line 759]
Event: 1.125 Thread 0x000002035c0ad020 Exception <a 'java/lang/NoSuchMethodError'{0x00000000898eca88}: 'java.lang.Object java.lang.invoke.DirectMethodHandle$Holder.invokeStaticInit(java.lang.Object, java.lang.Object, long, java.lang.Object)'> (0x00000000898eca88) 
thrown [s\open\src\hotspot\share\interpreter\linkResolver.cpp, line 759]
Event: 1.125 Thread 0x000002035c0ad020 Exception <a 'java/lang/NoSuchMethodError'{0x00000000898f31d0}: 'java.lang.Object java.lang.invoke.DirectMethodHandle$Holder.newInvokeSpecial(java.lang.Object, java.lang.Object, long)'> (0x00000000898f31d0) 
thrown [s\open\src\hotspot\share\interpreter\linkResolver.cpp, line 759]
Event: 1.126 Thread 0x000002035c0ad020 Exception <a 'java/lang/NoSuchMethodError'{0x00000000898f6d40}: 'java.lang.Object java.lang.invoke.Invokers$Holder.linkToTargetMethod(java.lang.Object, long, java.lang.Object)'> (0x00000000898f6d40) 
thrown [s\open\src\hotspot\share\interpreter\linkResolver.cpp, line 759]
Event: 1.141 Thread 0x000002035c0ad020 Exception <a 'java/lang/NoSuchMethodError'{0x0000000089747a20}: 'void java.lang.invoke.DirectMethodHandle$Holder.invokeVirtual(java.lang.Object, java.lang.Object, java.lang.Object, java.lang.Object)'> (0x0000000089747a20) 
thrown [s\open\src\hotspot\share\interpreter\linkResolver.cpp, line 759]
Event: 1.184 Thread 0x000002035c0ad020 Exception <a 'java/lang/NoSuchMethodError'{0x00000000896a0ec0}: 'void java.lang.invoke.DirectMethodHandle$Holder.invokeSpecial(java.lang.Object, java.lang.Object, java.lang.Object)'> (0x00000000896a0ec0) 
thrown [s\open\src\hotspot\share\interpreter\linkResolver.cpp, line 759]
Event: 1.185 Thread 0x000002035c0ad020 Exception <a 'java/lang/NoSuchMethodError'{0x00000000896a7498}: 'void java.lang.invoke.DirectMethodHandle$Holder.invokeSpecial(java.lang.Object, java.lang.Object, java.lang.Object, java.lang.Object, java.lang.Object)'> (0x00000000896a7498) 
thrown [s\open\src\hotspot\share\interpreter\linkResolver.cpp, line 759]
Event: 1.191 Thread 0x000002035c0ad020 Exception <a 'java/lang/IncompatibleClassChangeError'{0x00000000896d7468}: Found class java.lang.Object, but interface was expected> (0x00000000896d7468) 
thrown [s\open\src\hotspot\share\interpreter\linkResolver.cpp, line 826]
Event: 1.626 Thread 0x000002035c0ad020 Exception <a 'sun/nio/fs/WindowsException'{0x0000000089c74fe0}> (0x0000000089c74fe0) 
thrown [s\open\src\hotspot\share\prims\jni.cpp, line 516]
Event: 1.629 Thread 0x000002035c0ad020 Exception <a 'java/lang/NoSuchMethodError'{0x0000000089c76de0}: 'int java.lang.invoke.DirectMethodHandle$Holder.invokeSpecial(java.lang.Object, java.lang.Object, java.lang.Object, java.lang.Object, java.lang.Object)'> (0x0000000089c76de0) 
thrown [s\open\src\hotspot\share\interpreter\linkResolver.cpp, line 759]
Event: 1.633 Thread 0x000002035c0ad020 Exception <a 'java/lang/NoSuchMethodError'{0x0000000089c7fc10}: 'void java.lang.invoke.DirectMethodHandle$Holder.invokeVirtual(java.lang.Object, java.lang.Object)'> (0x0000000089c7fc10) 
thrown [s\open\src\hotspot\share\interpreter\linkResolver.cpp, line 759]
Event: 1.888 Thread 0x000002035c0ad020 Exception <a 'java/lang/IncompatibleClassChangeError'{0x0000000088e265d8}: Found class java.lang.Object, but interface was expected> (0x0000000088e265d8) 
thrown [s\open\src\hotspot\share\interpreter\linkResolver.cpp, line 826]
Event: 1.980 Thread 0x000002035c0ad020 Exception <a 'java/lang/NoSuchMethodError'{0x0000000088cdc0d0}: 'void java.lang.invoke.DirectMethodHandle$Holder.invokeInterface(java.lang.Object, java.lang.Object, java.lang.Object, java.lang.Object)'> (0x0000000088cdc0d0) 
thrown [s\open\src\hotspot\share\interpreter\linkResolver.cpp, line 759]
Event: 2.217 Thread 0x000002035c267a10 Exception <a 'java/lang/NoSuchMethodError'{0x00000000883ca0f8}: 'long java.lang.invoke.DirectMethodHandle$Holder.invokeSpecial(java.lang.Object, java.lang.Object)'> (0x00000000883ca0f8) 
thrown [s\open\src\hotspot\share\interpreter\linkResolver.cpp, line 759]
Event: 2.221 Thread 0x000002035c267a10 Exception <a 'java/lang/NoSuchMethodError'{0x00000000883d5320}: 'long java.lang.invoke.DirectMethodHandle$Holder.invokeStatic(java.lang.Object, java.lang.Object)'> (0x00000000883d5320) 
thrown [s\open\src\hotspot\share\interpreter\linkResolver.cpp, line 759]
Event: 2.221 Thread 0x000002035c267a10 Exception <a 'java/lang/NoSuchMethodError'{0x00000000883d8920}: 'long java.lang.invoke.DirectMethodHandle$Holder.invokeStaticInit(java.lang.Object, java.lang.Object)'> (0x00000000883d8920) 
thrown [s\open\src\hotspot\share\interpreter\linkResolver.cpp, line 759]
Event: 2.224 Thread 0x000002035c267a10 Exception <a 'java/lang/NoSuchMethodError'{0x0000000087e0d138}: 'long java.lang.invoke.DirectMethodHandle$Holder.invokeInterface(java.lang.Object, java.lang.Object)'> (0x0000000087e0d138) 
thrown [s\open\src\hotspot\share\interpreter\linkResolver.cpp, line 759]
Event: 2.224 Thread 0x000002035c267a10 Exception <a 'java/lang/IncompatibleClassChangeError'{0x0000000087e106c8}: Found class java.lang.Object, but interface was expected> (0x0000000087e106c8) 
thrown [s\open\src\hotspot\share\interpreter\linkResolver.cpp, line 826]

VM Operations (20 events):
Event: 0.823 Executing VM operation: HandshakeAllThreads
Event: 0.823 Executing VM operation: HandshakeAllThreads done
Event: 0.903 Executing VM operation: G1CollectForAllocation
Event: 0.914 Executing VM operation: G1CollectForAllocation done
Event: 1.050 Executing VM operation: HandshakeAllThreads
Event: 1.050 Executing VM operation: HandshakeAllThreads done
Event: 1.182 Executing VM operation: HandshakeAllThreads
Event: 1.182 Executing VM operation: HandshakeAllThreads done
Event: 1.387 Executing VM operation: ICBufferFull
Event: 1.387 Executing VM operation: ICBufferFull done
Event: 1.520 Executing VM operation: HandshakeAllThreads
Event: 1.520 Executing VM operation: HandshakeAllThreads done
Event: 1.551 Executing VM operation: G1CollectForAllocation
Event: 1.558 Executing VM operation: G1CollectForAllocation done
Event: 1.607 Executing VM operation: HandshakeAllThreads
Event: 1.607 Executing VM operation: HandshakeAllThreads done
Event: 1.847 Executing VM operation: HandshakeAllThreads
Event: 1.847 Executing VM operation: HandshakeAllThreads done
Event: 2.245 Executing VM operation: ICBufferFull
Event: 2.246 Executing VM operation: ICBufferFull done

Events (20 events):
Event: 1.790 loading class java/io/InvalidObjectException done
Event: 1.793 loading class java/util/concurrent/ConcurrentLinkedQueue
Event: 1.794 loading class java/util/concurrent/ConcurrentLinkedQueue done
Event: 1.794 loading class java/util/concurrent/ConcurrentLinkedQueue$Node
Event: 1.794 loading class java/util/concurrent/ConcurrentLinkedQueue$Node done
Event: 1.796 loading class java/util/concurrent/atomic/AtomicLongArray
Event: 1.797 loading class java/util/concurrent/atomic/AtomicLongArray done
Event: 1.797 loading class java/lang/invoke/VarHandleLongs$Array
Event: 1.798 loading class java/lang/invoke/VarHandleLongs$Array done
Event: 1.798 loading class java/util/concurrent/atomic/AtomicReferenceArray
Event: 1.799 loading class java/util/concurrent/atomic/AtomicReferenceArray done
Event: 1.843 loading class sun/text/resources/cldr/FormatData_en
Event: 1.844 loading class sun/text/resources/cldr/FormatData_en done
Event: 1.844 loading class sun/text/resources/cldr/FormatData_en_US
Event: 1.844 loading class sun/text/resources/cldr/FormatData_en_US done
Event: 1.865 Thread 0x000002035d99fa60 Thread exited: 0x000002035d99fa60
Event: 1.868 loading class java/io/CharArrayReader
Event: 1.868 loading class java/io/CharArrayReader done
Event: 2.184 loading class java/util/regex/Pattern$Pos
Event: 2.184 loading class java/util/regex/Pattern$Pos done


Dynamic libraries:
0x00007ff6bc1f0000 - 0x00007ff6bc200000 	C:\Program Files\Java\jdk-17\bin\java.exe
0x00007ffe01d10000 - 0x00007ffe01f27000 	C:\WINDOWS\SYSTEM32\ntdll.dll
0x00007ffe00930000 - 0x00007ffe009f4000 	C:\WINDOWS\System32\KERNEL32.DLL
0x00007ffdff4e0000 - 0x00007ffdff886000 	C:\WINDOWS\System32\KERNELBASE.dll
0x00007ffdff100000 - 0x00007ffdff211000 	C:\WINDOWS\System32\ucrtbase.dll
0x00007ffdf1770000 - 0x00007ffdf178b000 	C:\Program Files\Java\jdk-17\bin\VCRUNTIME140.dll
0x00007ffdf11b0000 - 0x00007ffdf11c9000 	C:\Program Files\Java\jdk-17\bin\jli.dll
0x00007ffe015c0000 - 0x00007ffe01670000 	C:\WINDOWS\System32\ADVAPI32.dll
0x00007ffe01c20000 - 0x00007ffe01cc7000 	C:\WINDOWS\System32\msvcrt.dll
0x00007ffe01080000 - 0x00007ffe01126000 	C:\WINDOWS\System32\sechost.dll
0x00007ffe016b0000 - 0x00007ffe017c7000 	C:\WINDOWS\System32\RPCRT4.dll
0x00007ffe00ed0000 - 0x00007ffe0107d000 	C:\WINDOWS\System32\USER32.dll
0x00007ffdff4b0000 - 0x00007ffdff4d6000 	C:\WINDOWS\System32\win32u.dll
0x00007ffdde5e0000 - 0x00007ffdde873000 	C:\WINDOWS\WinSxS\amd64_microsoft.windows.common-controls_6595b64144ccf1df_6.0.22621.2361_none_2712ced57382f843\COMCTL32.dll
0x00007ffe00320000 - 0x00007ffe00349000 	C:\WINDOWS\System32\GDI32.dll
0x00007ffdff390000 - 0x00007ffdff4a8000 	C:\WINDOWS\System32\gdi32full.dll
0x00007ffdff890000 - 0x00007ffdff92a000 	C:\WINDOWS\System32\msvcp_win.dll
0x00007ffdf5720000 - 0x00007ffdf572a000 	C:\WINDOWS\SYSTEM32\VERSION.dll
0x00007ffe01670000 - 0x00007ffe016a1000 	C:\WINDOWS\System32\IMM32.DLL
0x00007ffdf7350000 - 0x00007ffdf735c000 	C:\Program Files\Java\jdk-17\bin\vcruntime140_1.dll
0x00007ffdd7580000 - 0x00007ffdd760e000 	C:\Program Files\Java\jdk-17\bin\msvcp140.dll
0x00007ffd82080000 - 0x00007ffd82c5e000 	C:\Program Files\Java\jdk-17\bin\server\jvm.dll
0x00007ffe004a0000 - 0x00007ffe004a8000 	C:\WINDOWS\System32\PSAPI.DLL
0x00007ffde2550000 - 0x00007ffde2559000 	C:\WINDOWS\SYSTEM32\WSOCK32.dll
0x00007ffe01140000 - 0x00007ffe011b1000 	C:\WINDOWS\System32\WS2_32.dll
0x00007ffdf5780000 - 0x00007ffdf57b4000 	C:\WINDOWS\SYSTEM32\WINMM.dll
0x00007ffdfe030000 - 0x00007ffdfe048000 	C:\WINDOWS\SYSTEM32\kernel.appcore.dll
0x00007ffdf6cc0000 - 0x00007ffdf6cca000 	C:\Program Files\Java\jdk-17\bin\jimage.dll
0x00007ffdfc8e0000 - 0x00007ffdfcb0e000 	C:\WINDOWS\SYSTEM32\DBGHELP.DLL
0x00007ffe00a00000 - 0x00007ffe00d8a000 	C:\WINDOWS\System32\combase.dll
0x00007ffe00d90000 - 0x00007ffe00e67000 	C:\WINDOWS\System32\OLEAUT32.dll
0x00007ffde0890000 - 0x00007ffde08c2000 	C:\WINDOWS\SYSTEM32\dbgcore.DLL
0x00007ffdff9f0000 - 0x00007ffdffa6a000 	C:\WINDOWS\System32\bcryptPrimitives.dll
0x00007ffdeaaf0000 - 0x00007ffdeab15000 	C:\Program Files\Java\jdk-17\bin\java.dll
0x00007ffdc6fd0000 - 0x00007ffdc70a7000 	C:\Program Files\Java\jdk-17\bin\jsvml.dll
0x00007ffdffac0000 - 0x00007ffe00318000 	C:\WINDOWS\System32\SHELL32.dll
0x00007ffdfcfa0000 - 0x00007ffdfd892000 	C:\WINDOWS\SYSTEM32\windows.storage.dll
0x00007ffdfce60000 - 0x00007ffdfcf9e000 	C:\WINDOWS\SYSTEM32\wintypes.dll
0x00007ffe01230000 - 0x00007ffe01323000 	C:\WINDOWS\System32\SHCORE.dll
0x00007ffe017d0000 - 0x00007ffe0182e000 	C:\WINDOWS\System32\shlwapi.dll
0x00007ffdfefc0000 - 0x00007ffdfefe6000 	C:\WINDOWS\SYSTEM32\profapi.dll
0x00007ffdea940000 - 0x00007ffdea959000 	C:\Program Files\Java\jdk-17\bin\net.dll
0x00007ffdf53a0000 - 0x00007ffdf54d7000 	C:\WINDOWS\SYSTEM32\WINHTTP.dll
0x00007ffdfe500000 - 0x00007ffdfe569000 	C:\WINDOWS\system32\mswsock.dll
0x00007ffdea920000 - 0x00007ffdea936000 	C:\Program Files\Java\jdk-17\bin\nio.dll
0x00007ffdea900000 - 0x00007ffdea918000 	C:\Program Files\Java\jdk-17\bin\zip.dll
0x00007ffdf1760000 - 0x00007ffdf176a000 	C:\Program Files\Java\jdk-17\bin\management.dll
0x00007ffdf11e0000 - 0x00007ffdf11eb000 	C:\Program Files\Java\jdk-17\bin\management_ext.dll
0x00007ffdf11a0000 - 0x00007ffdf11b0000 	C:\Program Files\Java\jdk-17\bin\verify.dll

dbghelp: loaded successfully - version: 4.0.5 - missing functions: none
symbol engine: initialized successfully - sym options: 0x614 - pdb path: .;C:\Program Files\Java\jdk-17\bin;C:\WINDOWS\SYSTEM32;C:\WINDOWS\WinSxS\amd64_microsoft.windows.common-controls_6595b64144ccf1df_6.0.22621.2361_none_2712ced57382f843;C:\Program Files\Java\jdk-17\bin\server

VM Arguments:
jvm_args: -XX:+ShowCodeDetailsInExceptionMessages 
java_command: com.joaoferreira.springboot.SpringbootApplication
java_class_path (initial): C:\Users\joao.ferreira\Documents\AulaSpring\springboot\target\classes;C:\Users\joao.ferreira\.m2\repository\org\springframework\boot\spring-boot-starter-data-jpa\3.0.12\spring-boot-starter-data-jpa-3.0.12.jar;C:\Users\joao.ferreira\.m2\repository\org\springframework\boot\spring-boot-starter-aop\3.0.12\spring-boot-starter-aop-3.0.12.jar;C:\Users\joao.ferreira\.m2\repository\org\springframework\spring-aop\6.0.13\spring-aop-6.0.13.jar;C:\Users\joao.ferreira\.m2\repository\org\aspectj\aspectjweaver\1.9.20\aspectjweaver-1.9.20.jar;C:\Users\joao.ferreira\.m2\repository\org\springframework\boot\spring-boot-starter-jdbc\3.0.12\spring-boot-starter-jdbc-3.0.12.jar;C:\Users\joao.ferreira\.m2\repository\com\zaxxer\HikariCP\5.0.1\HikariCP-5.0.1.jar;C:\Users\joao.ferreira\.m2\repository\org\springframework\spring-jdbc\6.0.13\spring-jdbc-6.0.13.jar;C:\Users\joao.ferreira\.m2\repository\org\hibernate\orm\hibernate-core\6.1.7.Final\hibernate-core-6.1.7.Final.jar;C:\Users\joao.ferreira\.m2\repository\jakarta\persistence\jakarta.persistence-api\3.1.0\jakarta.persistence-api-3.1.0.jar;C:\Users\joao.ferreira\.m2\repository\jakarta\transaction\jakarta.transaction-api\2.0.1\jakarta.transaction-api-2.0.1.jar;C:\Users\joao.ferreira\.m2\repository\org\jboss\logging\jboss-logging\3.5.3.Final\jboss-logging-3.5.3.Final.jar;C:\Users\joao.ferreira\.m2\repository\org\hibernate\common\hibernate-commons-annotations\6.0.6.Final\hibernate-commons-annotations-6.0.6.Final.jar;C:\Users\joao.ferreira\.m2\repository\org\jboss\jandex\2.4.2.Final\jandex-2.4.2.Final.jar;C:\Users\joao.ferreira\.m2\repository\com\fasterxml\classmate\1.5.1\classmate-1.5.1.jar;C:\Users\joao.ferreira\.m2\repository\net\bytebuddy\byte-buddy\1.12.23\byte-buddy-1.12.23.jar;C:\Users\joao.ferreira\.m2\repository\org\glassfish\jaxb\jaxb-runtime\4.0.3\jaxb-runtime-4.0.3.jar;C:\Users\joao.ferreira\.m2\repository\org\glassfish\jaxb\jaxb-core\4.0.3\jaxb-core-4.0.3.jar;C:\Users\joao.ferreira\.m2\repository\org\ec
Launcher Type: SUN_STANDARD

[Global flags]
     intx CICompilerCount                          = 4                                         {product} {ergonomic}
     uint ConcGCThreads                            = 2                                         {product} {ergonomic}
     uint G1ConcRefinementThreads                  = 8                                         {product} {ergonomic}
   size_t G1HeapRegionSize                         = 1048576                                   {product} {ergonomic}
    uintx GCDrainStackTargetSize                   = 64                                        {product} {ergonomic}
   size_t InitialHeapSize                          = 132120576                                 {product} {ergonomic}
   size_t MarkStackSize                            = 4194304                                   {product} {ergonomic}
   size_t MaxHeapSize                              = 2111832064                                {product} {ergonomic}
   size_t MaxNewSize                               = 1266679808                                {product} {ergonomic}
   size_t MinHeapDeltaBytes                        = 1048576                                   {product} {ergonomic}
   size_t MinHeapSize                              = 8388608                                   {product} {ergonomic}
    uintx NonNMethodCodeHeapSize                   = 5839372                                {pd product} {ergonomic}
    uintx NonProfiledCodeHeapSize                  = 122909434                              {pd product} {ergonomic}
    uintx ProfiledCodeHeapSize                     = 122909434                              {pd product} {ergonomic}
    uintx ReservedCodeCacheSize                    = 251658240                              {pd product} {ergonomic}
     bool SegmentedCodeCache                       = true                                      {product} {ergonomic}
     bool ShowCodeDetailsInExceptionMessages       = true                                   {manageable} {command line}
   size_t SoftMaxHeapSize                          = 2111832064                             {manageable} {ergonomic}
     bool UseCompressedClassPointers               = true                           {product lp64_product} {ergonomic}
     bool UseCompressedOops                        = true                           {product lp64_product} {ergonomic}
     bool UseG1GC                                  = true                                      {product} {ergonomic}
     bool UseLargePagesIndividualAllocation        = false                                  {pd product} {ergonomic}

Logging:
Log output configuration:
 #0: stdout all=warning uptime,level,tags
 #1: stderr all=off uptime,level,tags

Environment Variables:
JAVA_HOME=C:\Program Files\Java\jdk-20
PATH=C:\Program Files\Common Files\Oracle\Java\javapath;C:\Program Files (x86)\Common Files\Oracle\Java\javapath;C:\WINDOWS\system32;C:\WINDOWS;C:\WINDOWS\System32\Wbem;C:\WINDOWS\System32\WindowsPowerShell\v1.0\;C:\WINDOWS\System32\OpenSSH\;C:\Program Files\dotnet\;C:\ProgramData\chocolatey\bin;C:\Program Files\Git\cmd;C:\Program Files\Java\jdk-17\bin;C:\Program Files\Maven\apache-maven-3.9.5\bin;C:\Users\joao.ferreira\AppData\Local\Microsoft\WindowsApps;C:\Users\joao.ferreira\AppData\Local\Programs\Microsoft VS Code\bin;C:\Program Files (x86)\Nmap;C:\Users\joao.ferreira\AppData\Local\Android\Sdk\emulator;C:\Users\joao.ferreira\AppData\Local\Android\Sdk\tools\bin;C:\Users\joao.ferreira\AppData\Local\Android\Sdk\platform-tools;C:\Users\joao.ferreira\AppData\Local\Android\Sdk\tools;
USERNAME=joao.ferreira
LANG=en_US.UTF-8
OS=Windows_NT
PROCESSOR_IDENTIFIER=Intel64 Family 6 Model 142 Stepping 12, GenuineIntel



---------------  S Y S T E M  ---------------

OS:
 Windows 11 , 64 bit Build 22621 (10.0.22621.2428)
OS uptime: 28 days 12:34 hours
Hyper-V role detected

CPU: total 8 (initial active 8) (4 cores per cpu, 2 threads per core) family 6 model 142 stepping 12 microcode 0xf8, cx8, cmov, fxsr, ht, mmx, 3dnowpref, sse, sse2, sse3, ssse3, sse4.1, sse4.2, popcnt, lzcnt, tsc, tscinvbit, avx, avx2, aes, erms, clmul, bmi1, bmi2, adx, fma, vzeroupper, clflush, clflushopt, hv

Memory: 4k page, system-wide physical 8054M (296M free)
TotalPageFile size 16246M (AvailPageFile size 0M)
current process WorkingSet (physical memory assigned to process): 131M, peak: 131M
current process commit charge ("private bytes"): 261M, peak: 261M

vm_info: Java HotSpot(TM) 64-Bit Server VM (17.0.8+9-LTS-211) for windows-amd64 JRE (17.0.8+9-LTS-211), built on Jun 14 2023 10:34:31 by "mach5one" with MS VC++ 17.1 (VS2022)

END.
