#
# There is insufficient memory for the Java Runtime Environment to continue.
# Native memory allocation (mmap) failed to map 132120576 bytes for G1 virtual space
# Possible reasons:
#   The system is out of physical RAM or swap space
#   The process is running with CompressedOops enabled, and the Java Heap may be blocking the growth of the native heap
# Possible solutions:
#   Reduce memory load on the system
#   Increase physical memory or swap space
#   Check if swap backing store is full
#   Decrease Java heap size (-Xmx/-Xms)
#   Decrease number of Java threads
#   Decrease Java thread stack sizes (-Xss)
#   Set larger code cache with -XX:ReservedCodeCacheSize=
#   JVM is running with Unscaled Compressed Oops mode in which the Java heap is
#     placed in the first 4GB address space. The Java Heap base address is the
#     maximum limit for the native heap growth. Please use -XX:HeapBaseMinAddress
#     to set the Java Heap base and to place the Java Heap above 4GB virtual address.
# This output file may be truncated or incomplete.
#
#  Out of Memory Error (os_windows.cpp:3617), pid=10444, tid=21872
#
# JRE version:  (17.0.8.1+1) (build )
# Java VM: OpenJDK 64-Bit Server VM (17.0.8.1+1, mixed mode, emulated-client, sharing, tiered, compressed oops, compressed class ptrs, g1 gc, windows-amd64)
# No core dump will be written. Minidumps are not enabled by default on client versions of Windows
#

---------------  S U M M A R Y ------------

Command Line: -XX:+HeapDumpOnOutOfMemoryError -Xmx1024m -Dsts.lsp.client=vscode -Dsts.log.file=/dev/null -XX:TieredStopAtLevel=1 -Xlog:jni+resolve=off -Dspring.config.location=file:c:\Users\joao.ferreira\.vscode\extensions\vmware.vscode-spring-boot-1.50.0\language-server\BOOT-INF\classes\application.properties org.springframework.ide.vscode.boot.app.BootLanguageServerBootApp

Host: Intel(R) Core(TM) i5-8265U CPU @ 1.60GHz, 8 cores, 7G,  Windows 11 , 64 bit Build 22621 (10.0.22621.2428)
Time: Sat Nov 11 21:38:46 2023 Hora oficial do Brasil elapsed time: 0.016897 seconds (0d 0h 0m 0s)

---------------  T H R E A D  ---------------

Current thread (0x0000026507ca4a40):  JavaThread "Unknown thread" [_thread_in_vm, id=21872, stack(0x0000007a54000000,0x0000007a54100000)]

Stack: [0x0000007a54000000,0x0000007a54100000]
Native frames: (J=compiled Java code, j=interpreted, Vv=VM code, C=native code)
V  [jvm.dll+0x678b0a]
V  [jvm.dll+0x835e84]
V  [jvm.dll+0x83762e]
V  [jvm.dll+0x837c93]
V  [jvm.dll+0x24746f]
V  [jvm.dll+0x675859]
V  [jvm.dll+0x66a0ea]
V  [jvm.dll+0x306c7b]
V  [jvm.dll+0x30e166]
V  [jvm.dll+0x35dd3e]
V  [jvm.dll+0x35df6f]
V  [jvm.dll+0x2ddb48]
V  [jvm.dll+0x2deab4]
V  [jvm.dll+0x807f31]
V  [jvm.dll+0x36bb21]
V  [jvm.dll+0x7e733c]
V  [jvm.dll+0x3ee4af]
V  [jvm.dll+0x3f00c1]
C  [jli.dll+0x528b]
C  [ucrtbase.dll+0x29363]
C  [KERNEL32.DLL+0x1257d]
C  [ntdll.dll+0x5aa78]


---------------  P R O C E S S  ---------------

Threads class SMR info:
_java_thread_list=0x00007ffd82b2a018, length=0, elements={
}

Java Threads: ( => current thread )

Other Threads:
  0x0000026507ce1970 GCTaskThread "GC Thread#0" [stack: 0x0000007a54100000,0x0000007a54200000] [id=1364]
  0x0000026507cebcf0 ConcurrentGCThread "G1 Main Marker" [stack: 0x0000007a54200000,0x0000007a54300000] [id=4188]
  0x0000026507ceccc0 ConcurrentGCThread "G1 Conc#0" [stack: 0x0000007a54300000,0x0000007a54400000] [id=27024]

[error occurred during error reporting (printing all threads), id 0xc0000005, EXCEPTION_ACCESS_VIOLATION (0xc0000005) at pc=0x00007ffd822fe587]

VM state: not at safepoint (not fully initialized)

VM Mutex/Monitor currently owned by a thread:  ([mutex/lock_event])
[0x0000026507ca3bf0] Heap_lock - owner thread: 0x0000026507ca4a40

Heap address: 0x00000000c0000000, size: 1024 MB, Compressed Oops mode: 32-bit

CDS archive(s) mapped at: [0x0000000000000000-0x0000000000000000-0x0000000000000000), size 0, SharedBaseAddress: 0x0000000800000000, ArchiveRelocationMode: 1.
Narrow klass base: 0x0000000000000000, Narrow klass shift: 0, Narrow klass range: 0x0

GC Precious Log:
<Empty>

Heap:
 garbage-first heap   total 0K, used 0K [0x00000000c0000000, 0x0000000100000000)
  region size 1024K, 0 young (0K), 0 survivors (0K)

[error occurred during error reporting (printing heap information), id 0xc0000005, EXCEPTION_ACCESS_VIOLATION (0xc0000005) at pc=0x00007ffd826e2699]

GC Heap History (0 events):
No events

Dll operation events (1 events):
Event: 0.012 Loaded shared library c:\Users\joao.ferreira\.vscode\extensions\redhat.java-1.24.0-win32-x64\jre\17.0.8.1-win32-x86_64\bin\java.dll

Deoptimization events (0 events):
No events

Classes unloaded (0 events):
No events

Classes redefined (0 events):
No events

Internal exceptions (0 events):
No events

VM Operations (0 events):
No events

Events (0 events):
No events


Dynamic libraries:
0x00007ff7183f0000 - 0x00007ff7183fe000 	c:\Users\joao.ferreira\.vscode\extensions\redhat.java-1.24.0-win32-x64\jre\17.0.8.1-win32-x86_64\bin\java.exe
0x00007ffe01d10000 - 0x00007ffe01f27000 	C:\WINDOWS\SYSTEM32\ntdll.dll
0x00007ffe00930000 - 0x00007ffe009f4000 	C:\WINDOWS\System32\KERNEL32.DLL
0x00007ffdff4e0000 - 0x00007ffdff886000 	C:\WINDOWS\System32\KERNELBASE.dll
0x00007ffdfbff0000 - 0x00007ffdfc087000 	C:\WINDOWS\SYSTEM32\apphelp.dll
0x00007ffdff100000 - 0x00007ffdff211000 	C:\WINDOWS\System32\ucrtbase.dll
0x00007ffde8d10000 - 0x00007ffde8d27000 	c:\Users\joao.ferreira\.vscode\extensions\redhat.java-1.24.0-win32-x64\jre\17.0.8.1-win32-x86_64\bin\jli.dll
0x00007ffdefcc0000 - 0x00007ffdefcd9000 	c:\Users\joao.ferreira\.vscode\extensions\redhat.java-1.24.0-win32-x64\jre\17.0.8.1-win32-x86_64\bin\VCRUNTIME140.dll
0x00007ffe00ed0000 - 0x00007ffe0107d000 	C:\WINDOWS\System32\USER32.dll
0x00007ffdff4b0000 - 0x00007ffdff4d6000 	C:\WINDOWS\System32\win32u.dll
0x00007ffdde5e0000 - 0x00007ffdde873000 	C:\WINDOWS\WinSxS\amd64_microsoft.windows.common-controls_6595b64144ccf1df_6.0.22621.2361_none_2712ced57382f843\COMCTL32.dll
0x00007ffe00320000 - 0x00007ffe00349000 	C:\WINDOWS\System32\GDI32.dll
0x00007ffe01c20000 - 0x00007ffe01cc7000 	C:\WINDOWS\System32\msvcrt.dll
0x00007ffdff390000 - 0x00007ffdff4a8000 	C:\WINDOWS\System32\gdi32full.dll
0x00007ffdff890000 - 0x00007ffdff92a000 	C:\WINDOWS\System32\msvcp_win.dll
0x00007ffe01670000 - 0x00007ffe016a1000 	C:\WINDOWS\System32\IMM32.DLL
0x00007ffdf14c0000 - 0x00007ffdf14cc000 	c:\Users\joao.ferreira\.vscode\extensions\redhat.java-1.24.0-win32-x64\jre\17.0.8.1-win32-x86_64\bin\vcruntime140_1.dll
0x00007ffdb2200000 - 0x00007ffdb2291000 	c:\Users\joao.ferreira\.vscode\extensions\redhat.java-1.24.0-win32-x64\jre\17.0.8.1-win32-x86_64\bin\msvcp140.dll
0x00007ffd82010000 - 0x00007ffd82c5c000 	c:\Users\joao.ferreira\.vscode\extensions\redhat.java-1.24.0-win32-x64\jre\17.0.8.1-win32-x86_64\bin\server\jvm.dll
0x00007ffe015c0000 - 0x00007ffe01670000 	C:\WINDOWS\System32\ADVAPI32.dll
0x00007ffe01080000 - 0x00007ffe01126000 	C:\WINDOWS\System32\sechost.dll
0x00007ffe016b0000 - 0x00007ffe017c7000 	C:\WINDOWS\System32\RPCRT4.dll
0x00007ffdfef60000 - 0x00007ffdfefad000 	C:\WINDOWS\SYSTEM32\POWRPROF.dll
0x00007ffde2550000 - 0x00007ffde2559000 	C:\WINDOWS\SYSTEM32\WSOCK32.dll
0x00007ffdf5780000 - 0x00007ffdf57b4000 	C:\WINDOWS\SYSTEM32\WINMM.dll
0x00007ffe01140000 - 0x00007ffe011b1000 	C:\WINDOWS\System32\WS2_32.dll
0x00007ffdf5720000 - 0x00007ffdf572a000 	C:\WINDOWS\SYSTEM32\VERSION.dll
0x00007ffdfef40000 - 0x00007ffdfef53000 	C:\WINDOWS\SYSTEM32\UMPDC.dll
0x00007ffdfe030000 - 0x00007ffdfe048000 	C:\WINDOWS\SYSTEM32\kernel.appcore.dll
0x00007ffdf1280000 - 0x00007ffdf128a000 	c:\Users\joao.ferreira\.vscode\extensions\redhat.java-1.24.0-win32-x64\jre\17.0.8.1-win32-x86_64\bin\jimage.dll
0x00007ffdfc8e0000 - 0x00007ffdfcb0e000 	C:\WINDOWS\SYSTEM32\DBGHELP.DLL
0x00007ffe00a00000 - 0x00007ffe00d8a000 	C:\WINDOWS\System32\combase.dll
0x00007ffe00d90000 - 0x00007ffe00e67000 	C:\WINDOWS\System32\OLEAUT32.dll
0x00007ffde0890000 - 0x00007ffde08c2000 	C:\WINDOWS\SYSTEM32\dbgcore.DLL
0x00007ffdff9f0000 - 0x00007ffdffa6a000 	C:\WINDOWS\System32\bcryptPrimitives.dll
0x00007ffdd7870000 - 0x00007ffdd7895000 	c:\Users\joao.ferreira\.vscode\extensions\redhat.java-1.24.0-win32-x64\jre\17.0.8.1-win32-x86_64\bin\java.dll

dbghelp: loaded successfully - version: 4.0.5 - missing functions: none
symbol engine: initialized successfully - sym options: 0x614 - pdb path: .;c:\Users\joao.ferreira\.vscode\extensions\redhat.java-1.24.0-win32-x64\jre\17.0.8.1-win32-x86_64\bin;C:\WINDOWS\SYSTEM32;C:\WINDOWS\WinSxS\amd64_microsoft.windows.common-controls_6595b64144ccf1df_6.0.22621.2361_none_2712ced57382f843;c:\Users\joao.ferreira\.vscode\extensions\redhat.java-1.24.0-win32-x64\jre\17.0.8.1-win32-x86_64\bin\server

VM Arguments:
jvm_args: -XX:+HeapDumpOnOutOfMemoryError -Xmx1024m -Dsts.lsp.client=vscode -Dsts.log.file=/dev/null -XX:TieredStopAtLevel=1 -Xlog:jni+resolve=off -Dspring.config.location=file:c:\Users\joao.ferreira\.vscode\extensions\vmware.vscode-spring-boot-1.50.0\language-server\BOOT-INF\classes\application.properties 
java_command: org.springframework.ide.vscode.boot.app.BootLanguageServerBootApp
java_class_path (initial): c:\Users\joao.ferreira\.vscode\extensions\vmware.vscode-spring-boot-1.50.0\language-server\BOOT-INF\classes;c:\Users\joao.ferreira\.vscode\extensions\vmware.vscode-spring-boot-1.50.0\language-server\BOOT-INF\lib\annotations-24.0.1.jar;c:\Users\joao.ferreira\.vscode\extensions\vmware.vscode-spring-boot-1.50.0\language-server\BOOT-INF\lib\antlr-runtime-3.5.3.jar;c:\Users\joao.ferreira\.vscode\extensions\vmware.vscode-spring-boot-1.50.0\language-server\BOOT-INF\lib\antlr4-4.11.1.jar;c:\Users\joao.ferreira\.vscode\extensions\vmware.vscode-spring-boot-1.50.0\language-server\BOOT-INF\lib\antlr4-runtime-4.11.1.jar;c:\Users\joao.ferreira\.vscode\extensions\vmware.vscode-spring-boot-1.50.0\language-server\BOOT-INF\lib\archunit-1.1.0.jar;c:\Users\joao.ferreira\.vscode\extensions\vmware.vscode-spring-boot-1.50.0\language-server\BOOT-INF\lib\asm-9.5.jar;c:\Users\joao.ferreira\.vscode\extensions\vmware.vscode-spring-boot-1.50.0\language-server\BOOT-INF\lib\asm-analysis-9.5.jar;c:\Users\joao.ferreira\.vscode\extensions\vmware.vscode-spring-boot-1.50.0\language-server\BOOT-INF\lib\asm-tree-9.5.jar;c:\Users\joao.ferreira\.vscode\extensions\vmware.vscode-spring-boot-1.50.0\language-server\BOOT-INF\lib\asm-util-9.5.jar;c:\Users\joao.ferreira\.vscode\extensions\vmware.vscode-spring-boot-1.50.0\language-server\BOOT-INF\lib\bosh-language-server-1.50.0-SNAPSHOT.jar;c:\Users\joao.ferreira\.vscode\extensions\vmware.vscode-spring-boot-1.50.0\language-server\BOOT-INF\lib\caffeine-3.1.8.jar;c:\Users\joao.ferreira\.vscode\extensions\vmware.vscode-spring-boot-1.50.0\language-server\BOOT-INF\lib\checker-qual-3.12.0.jar;c:\Users\joao.ferreira\.vscode\extensions\vmware.vscode-spring-boot-1.50.0\language-server\BOOT-INF\lib\classgraph-4.8.149.jar;c:\Users\joao.ferreira\.vscode\extensions\vmware.vscode-spring-boot-1.50.0\language-server\BOOT-INF\lib\commons-codec-1.15.jar;c:\Users\joao.ferreira\.vscode\extensions\vmware.vscode-spring-boot-1.50.0\language-server\BOOT-INF\
Launcher Type: SUN_STANDARD

[Global flags]
     intx CICompilerCount                          = 4                                         {product} {ergonomic}
     uint ConcGCThreads                            = 2                                         {product} {ergonomic}
     uint G1ConcRefinementThreads                  = 8                                         {product} {ergonomic}
   size_t G1HeapRegionSize                         = 1048576                                   {product} {ergonomic}
    uintx GCDrainStackTargetSize                   = 64                                        {product} {ergonomic}
     bool HeapDumpOnOutOfMemoryError               = true                                   {manageable} {command line}
   size_t InitialHeapSize                          = 132120576                                 {product} {ergonomic}
   size_t MarkStackSize                            = 4194304                                   {product} {ergonomic}
   size_t MaxHeapSize                              = 1073741824                                {product} {command line}
   size_t MinHeapDeltaBytes                        = 1048576                                   {product} {ergonomic}
   size_t MinHeapSize                              = 8388608                                   {product} {ergonomic}
    uintx NonProfiledCodeHeapSize                  = 0                                      {pd product} {ergonomic}
     bool ProfileInterpreter                       = false                                  {pd product} {command line}
    uintx ProfiledCodeHeapSize                     = 0                                      {pd product} {ergonomic}
   size_t SoftMaxHeapSize                          = 1073741824                             {manageable} {ergonomic}
     intx TieredStopAtLevel                        = 1                                         {product} {command line}
     bool UseCompressedClassPointers               = true                           {product lp64_product} {ergonomic}
     bool UseCompressedOops                        = true                           {product lp64_product} {ergonomic}
     bool UseG1GC                                  = true                                      {product} {ergonomic}
     bool UseLargePagesIndividualAllocation        = false                                  {pd product} {ergonomic}

Logging:
Log output configuration:
 #0: stdout all=warning,jni+resolve=off uptime,level,tags (reconfigured)
 #1: stderr all=off uptime,level,tags

Environment Variables:
JAVA_HOME=C:\Program Files\Java\jdk-20
PATH=C:\Program Files\Common Files\Oracle\Java\javapath;C:\Program Files (x86)\Common Files\Oracle\Java\javapath;C:\WINDOWS\system32;C:\WINDOWS;C:\WINDOWS\System32\Wbem;C:\WINDOWS\System32\WindowsPowerShell\v1.0\;C:\WINDOWS\System32\OpenSSH\;C:\Program Files\dotnet\;C:\ProgramData\chocolatey\bin;C:\Program Files\Git\cmd;C:\Program Files\Java\jdk-17\bin;C:\Program Files\Maven\apache-maven-3.9.5\bin;C:\Users\joao.ferreira\AppData\Local\Microsoft\WindowsApps;C:\Users\joao.ferreira\AppData\Local\Programs\Microsoft VS Code\bin;C:\Program Files (x86)\Nmap;C:\Users\joao.ferreira\AppData\Local\Android\Sdk\emulator;C:\Users\joao.ferreira\AppData\Local\Android\Sdk\tools\bin;C:\Users\joao.ferreira\AppData\Local\Android\Sdk\platform-tools;C:\Users\joao.ferreira\AppData\Local\Android\Sdk\tools;
USERNAME=joao.ferreira
OS=Windows_NT
PROCESSOR_IDENTIFIER=Intel64 Family 6 Model 142 Stepping 12, GenuineIntel
TMP=C:\Users\JOAO~1.FER\AppData\Local\Temp
TEMP=C:\Users\JOAO~1.FER\AppData\Local\Temp



---------------  S Y S T E M  ---------------

OS:
 Windows 11 , 64 bit Build 22621 (10.0.22621.2428)
OS uptime: 27 days 12:44 hours
Hyper-V role detected

CPU: total 8 (initial active 8) (4 cores per cpu, 2 threads per core) family 6 model 142 stepping 12 microcode 0xf8, cx8, cmov, fxsr, ht, mmx, 3dnowpref, sse, sse2, sse3, ssse3, sse4.1, sse4.2, popcnt, lzcnt, tsc, tscinvbit, avx, avx2, aes, erms, clmul, bmi1, bmi2, adx, fma, vzeroupper, clflush, clflushopt, hv
Processor Information for all 8 processors :
  Max Mhz: 1800, Current Mhz: 1600, Mhz Limit: 1584

Memory: 4k page, system-wide physical 8054M (433M free)
TotalPageFile size 16246M (AvailPageFile size 5M)
current process WorkingSet (physical memory assigned to process): 12M, peak: 12M
current process commit charge ("private bytes"): 55M, peak: 181M

vm_info: OpenJDK 64-Bit Server VM (17.0.8.1+1) for windows-amd64 JRE (17.0.8.1+1), built on Aug 23 2023 15:29:17 by "admin" with MS VC++ 16.7 (VS2019)

END.
